2024-05-17 07:46:34,065 - INFO - Step [0/1768], Train Loss: 2.3985
2024-05-17 07:51:26,914 - INFO - Step [0/1768], Val Loss: 2.3985
2024-05-17 07:51:31,919 - INFO - Model and log history saved at step 0 (epoch 0) with validation loss 2.3985
2024-05-17 07:51:46,860 - INFO - Step [1/1768], Train Loss: 2.4005
2024-05-17 07:51:51,991 - INFO - Step [2/1768], Train Loss: 2.4032
2024-05-17 07:52:02,398 - INFO - Step [3/1768], Train Loss: 2.4095
2024-05-17 07:52:11,737 - INFO - Step [4/1768], Train Loss: 2.3900
2024-05-17 07:52:25,548 - INFO - Step [5/1768], Train Loss: 2.3935
2024-05-17 07:52:33,529 - INFO - Step [6/1768], Train Loss: 2.4058
2024-05-17 07:52:43,235 - INFO - Step [7/1768], Train Loss: 2.4028
2024-05-17 07:52:55,633 - INFO - Step [8/1768], Train Loss: 2.4046
2024-05-17 07:53:09,299 - INFO - Step [9/1768], Train Loss: 2.3958
2024-05-17 07:53:26,126 - INFO - Step [10/1768], Train Loss: 2.3852
2024-05-17 07:53:39,547 - INFO - Step [11/1768], Train Loss: 2.3966
2024-05-17 07:53:57,596 - INFO - Step [12/1768], Train Loss: 2.3852
2024-05-17 07:54:12,284 - INFO - Step [13/1768], Train Loss: 2.3953
2024-05-17 07:54:15,980 - INFO - Step [14/1768], Train Loss: 2.3905
2024-05-17 07:54:22,145 - INFO - Step [15/1768], Train Loss: 2.3874
2024-05-17 07:54:36,175 - INFO - Step [16/1768], Train Loss: 2.3837
2024-05-17 07:54:45,586 - INFO - Step [17/1768], Train Loss: 2.4080
2024-05-17 07:54:55,989 - INFO - Step [18/1768], Train Loss: 2.4015
2024-05-17 07:55:05,325 - INFO - Step [19/1768], Train Loss: 2.3931
2024-05-17 07:55:18,576 - INFO - Step [20/1768], Train Loss: 2.3999
2024-05-17 07:55:24,711 - INFO - Step [21/1768], Train Loss: 2.3918
2024-05-17 07:55:35,759 - INFO - Step [22/1768], Train Loss: 2.3935
2024-05-17 07:55:52,819 - INFO - Step [23/1768], Train Loss: 2.4007
2024-05-17 07:56:07,416 - INFO - Step [24/1768], Train Loss: 2.3982
2024-05-17 07:56:15,976 - INFO - Step [25/1768], Train Loss: 2.4013
2024-05-17 07:56:33,127 - INFO - Step [26/1768], Train Loss: 2.3980
2024-05-17 07:56:42,780 - INFO - Step [27/1768], Train Loss: 2.4038
2024-05-17 07:56:54,224 - INFO - Step [28/1768], Train Loss: 2.4020
2024-05-17 07:57:01,399 - INFO - Step [29/1768], Train Loss: 2.3996
2024-05-17 07:57:07,108 - INFO - Step [30/1768], Train Loss: 2.4020
2024-05-17 07:57:15,232 - INFO - Step [31/1768], Train Loss: 2.3961
2024-05-17 07:57:30,185 - INFO - Step [32/1768], Train Loss: 2.4022
2024-05-17 07:57:46,991 - INFO - Step [33/1768], Train Loss: 2.4051
2024-05-17 07:57:59,652 - INFO - Step [34/1768], Train Loss: 2.4019
2024-05-17 07:58:12,512 - INFO - Step [35/1768], Train Loss: 2.3943
2024-05-17 07:58:20,027 - INFO - Step [36/1768], Train Loss: 2.3965
2024-05-17 07:58:34,305 - INFO - Step [37/1768], Train Loss: 2.4100
2024-05-17 07:58:47,399 - INFO - Step [38/1768], Train Loss: 2.4187
2024-05-17 07:58:57,266 - INFO - Step [39/1768], Train Loss: 2.4054
2024-05-17 07:59:14,968 - INFO - Step [40/1768], Train Loss: 2.3962
2024-05-17 07:59:29,703 - INFO - Step [41/1768], Train Loss: 2.4078
2024-05-17 07:59:39,182 - INFO - Step [42/1768], Train Loss: 2.3996
2024-05-17 07:59:52,194 - INFO - Step [43/1768], Train Loss: 2.4086
2024-05-17 08:00:04,426 - INFO - Step [44/1768], Train Loss: 2.4017
2024-05-17 08:00:21,244 - INFO - Step [45/1768], Train Loss: 2.4093
2024-05-17 08:00:28,203 - INFO - Step [46/1768], Train Loss: 2.4004
2024-05-17 08:00:36,611 - INFO - Step [47/1768], Train Loss: 2.3887
2024-05-17 08:00:52,244 - INFO - Step [48/1768], Train Loss: 2.4084
2024-05-17 08:01:09,429 - INFO - Step [49/1768], Train Loss: 2.3843
2024-05-17 08:01:18,299 - INFO - Step [50/1768], Train Loss: 2.4009
2024-05-17 08:06:10,720 - INFO - Step [50/1768], Val Loss: 2.3985
2024-05-17 08:06:25,257 - INFO - Step [51/1768], Train Loss: 2.4032
2024-05-17 08:06:36,587 - INFO - Step [52/1768], Train Loss: 2.4021
2024-05-17 08:06:55,041 - INFO - Step [53/1768], Train Loss: 2.3958
2024-05-17 08:07:06,408 - INFO - Step [54/1768], Train Loss: 2.4053
2024-05-17 08:07:16,565 - INFO - Step [55/1768], Train Loss: 2.4101
2024-05-17 08:07:32,449 - INFO - Step [56/1768], Train Loss: 2.4019
2024-05-17 08:07:43,657 - INFO - Step [57/1768], Train Loss: 2.3871
2024-05-17 08:07:57,253 - INFO - Step [58/1768], Train Loss: 2.4105
2024-05-17 08:08:11,299 - INFO - Step [59/1768], Train Loss: 2.3854
2024-05-17 08:08:29,454 - INFO - Step [60/1768], Train Loss: 2.3982
2024-05-17 08:08:39,731 - INFO - Step [61/1768], Train Loss: 2.3953
2024-05-17 08:08:46,224 - INFO - Step [62/1768], Train Loss: 2.4048
2024-05-17 08:08:55,965 - INFO - Step [63/1768], Train Loss: 2.3977
2024-05-17 08:09:12,435 - INFO - Step [64/1768], Train Loss: 2.4126
2024-05-17 08:09:25,440 - INFO - Step [65/1768], Train Loss: 2.4237
2024-05-17 08:09:31,937 - INFO - Step [66/1768], Train Loss: 2.4024
2024-05-17 08:09:38,127 - INFO - Step [67/1768], Train Loss: 2.4054
2024-05-17 08:09:47,466 - INFO - Step [68/1768], Train Loss: 2.3912
2024-05-17 08:10:02,476 - INFO - Step [69/1768], Train Loss: 2.4099
2024-05-17 08:10:07,314 - INFO - Step [70/1768], Train Loss: 2.4086
2024-05-17 08:10:25,411 - INFO - Step [71/1768], Train Loss: 2.4042
2024-05-17 08:10:34,982 - INFO - Step [72/1768], Train Loss: 2.3905
2024-05-17 08:10:50,152 - INFO - Step [73/1768], Train Loss: 2.4060
2024-05-17 08:11:05,688 - INFO - Step [74/1768], Train Loss: 2.3910
2024-05-17 08:11:18,166 - INFO - Step [75/1768], Train Loss: 2.3849
2024-05-17 08:11:27,030 - INFO - Step [76/1768], Train Loss: 2.4095
2024-05-17 08:11:37,720 - INFO - Step [77/1768], Train Loss: 2.3991
2024-05-17 08:11:54,888 - INFO - Step [78/1768], Train Loss: 2.4043
2024-05-17 08:12:07,867 - INFO - Step [79/1768], Train Loss: 2.4060
2024-05-17 08:12:14,701 - INFO - Step [80/1768], Train Loss: 2.4014
2024-05-17 08:12:25,455 - INFO - Step [81/1768], Train Loss: 2.4016
2024-05-17 08:12:33,294 - INFO - Step [82/1768], Train Loss: 2.3990
2024-05-17 08:12:44,442 - INFO - Step [83/1768], Train Loss: 2.3865
2024-05-17 08:13:02,878 - INFO - Step [84/1768], Train Loss: 2.3859
2024-05-17 08:13:15,345 - INFO - Step [85/1768], Train Loss: 2.3975
2024-05-17 08:13:33,184 - INFO - Step [86/1768], Train Loss: 2.3929
2024-05-17 08:13:43,661 - INFO - Step [87/1768], Train Loss: 2.3917
2024-05-17 08:13:57,369 - INFO - Step [88/1768], Train Loss: 2.4013
2024-05-17 08:14:13,539 - INFO - Step [89/1768], Train Loss: 2.3984
2024-05-17 08:14:22,891 - INFO - Step [90/1768], Train Loss: 2.3870
2024-05-17 08:14:32,570 - INFO - Step [91/1768], Train Loss: 2.3946
2024-05-17 08:14:44,599 - INFO - Step [92/1768], Train Loss: 2.4031
2024-05-17 08:14:48,279 - INFO - Step [93/1768], Train Loss: 2.3760
2024-05-17 08:15:02,493 - INFO - Step [94/1768], Train Loss: 2.3870
2024-05-17 08:15:20,819 - INFO - Step [95/1768], Train Loss: 2.3911
2024-05-17 08:15:26,243 - INFO - Step [96/1768], Train Loss: 2.4176
2024-05-17 08:15:39,081 - INFO - Step [97/1768], Train Loss: 2.3971
2024-05-17 08:15:44,430 - INFO - Step [98/1768], Train Loss: 2.3929
2024-05-17 08:15:58,795 - INFO - Step [99/1768], Train Loss: 2.3952
2024-05-17 08:16:13,965 - INFO - Step [100/1768], Train Loss: 2.4054
2024-05-17 08:21:07,042 - INFO - Step [100/1768], Val Loss: 2.3985
2024-05-17 08:21:21,389 - INFO - Step [101/1768], Train Loss: 2.3887
2024-05-17 08:21:33,653 - INFO - Step [102/1768], Train Loss: 2.4044
2024-05-17 08:21:43,264 - INFO - Step [103/1768], Train Loss: 2.3867
2024-05-17 08:21:55,863 - INFO - Step [104/1768], Train Loss: 2.3933
2024-05-17 08:22:03,350 - INFO - Step [105/1768], Train Loss: 2.3973
2024-05-17 08:22:17,569 - INFO - Step [106/1768], Train Loss: 2.4053
2024-05-17 08:22:25,535 - INFO - Step [107/1768], Train Loss: 2.3792
2024-05-17 08:22:37,822 - INFO - Step [108/1768], Train Loss: 2.4105
2024-05-17 08:22:53,089 - INFO - Step [109/1768], Train Loss: 2.3920
2024-05-17 08:23:10,511 - INFO - Step [110/1768], Train Loss: 2.3938
2024-05-17 08:23:27,452 - INFO - Step [111/1768], Train Loss: 2.3882
2024-05-17 08:23:39,996 - INFO - Step [112/1768], Train Loss: 2.4089
2024-05-17 08:23:51,600 - INFO - Step [113/1768], Train Loss: 2.3916
2024-05-17 08:23:59,421 - INFO - Step [114/1768], Train Loss: 2.4026
2024-05-17 08:24:09,205 - INFO - Step [115/1768], Train Loss: 2.3932
2024-05-17 08:24:15,481 - INFO - Step [116/1768], Train Loss: 2.3948
2024-05-17 08:24:28,976 - INFO - Step [117/1768], Train Loss: 2.4095
2024-05-17 08:24:36,739 - INFO - Step [118/1768], Train Loss: 2.4026
2024-05-17 08:24:43,420 - INFO - Step [119/1768], Train Loss: 2.4079
2024-05-17 08:24:52,351 - INFO - Step [120/1768], Train Loss: 2.3906
2024-05-17 08:25:06,413 - INFO - Step [121/1768], Train Loss: 2.3980
2024-05-17 08:25:16,440 - INFO - Step [122/1768], Train Loss: 2.4055
2024-05-17 08:25:22,169 - INFO - Step [123/1768], Train Loss: 2.3957
2024-05-17 08:25:35,158 - INFO - Step [124/1768], Train Loss: 2.4000
2024-05-17 08:25:41,510 - INFO - Step [125/1768], Train Loss: 2.4038
2024-05-17 08:25:46,358 - INFO - Step [126/1768], Train Loss: 2.4036
2024-05-17 08:25:53,024 - INFO - Step [127/1768], Train Loss: 2.4084
2024-05-17 08:25:57,751 - INFO - Step [128/1768], Train Loss: 2.4048
2024-05-17 08:26:07,838 - INFO - Step [129/1768], Train Loss: 2.3925
2024-05-17 08:26:21,649 - INFO - Step [130/1768], Train Loss: 2.3946
2024-05-17 08:26:33,956 - INFO - Step [131/1768], Train Loss: 2.4131
2024-05-17 08:26:48,472 - INFO - Step [132/1768], Train Loss: 2.4050
2024-05-17 08:27:05,942 - INFO - Step [133/1768], Train Loss: 2.3917
2024-05-17 08:27:14,055 - INFO - Step [134/1768], Train Loss: 2.3883
2024-05-17 08:27:32,016 - INFO - Step [135/1768], Train Loss: 2.4140
2024-05-17 08:27:48,501 - INFO - Step [136/1768], Train Loss: 2.4077
2024-05-17 08:28:02,887 - INFO - Step [137/1768], Train Loss: 2.3953
2024-05-17 08:28:11,265 - INFO - Step [138/1768], Train Loss: 2.4030
2024-05-17 08:28:26,816 - INFO - Step [139/1768], Train Loss: 2.3909
2024-05-17 08:28:33,929 - INFO - Step [140/1768], Train Loss: 2.3921
2024-05-17 08:28:38,847 - INFO - Step [141/1768], Train Loss: 2.3961
2024-05-17 08:28:50,781 - INFO - Step [142/1768], Train Loss: 2.3982
2024-05-17 08:29:00,418 - INFO - Step [143/1768], Train Loss: 2.3893
2024-05-17 08:29:16,408 - INFO - Step [144/1768], Train Loss: 2.3939
2024-05-17 08:29:19,841 - INFO - Step [145/1768], Train Loss: 2.3967
2024-05-17 08:29:37,893 - INFO - Step [146/1768], Train Loss: 2.3913
2024-05-17 08:29:55,616 - INFO - Step [147/1768], Train Loss: 2.4019
2024-05-17 08:30:06,929 - INFO - Step [148/1768], Train Loss: 2.3874
2024-05-17 08:30:16,170 - INFO - Step [149/1768], Train Loss: 2.3977
2024-05-17 08:30:34,693 - INFO - Step [150/1768], Train Loss: 2.4045
2024-05-17 08:35:28,104 - INFO - Step [150/1768], Val Loss: 2.3985
2024-05-17 08:35:42,245 - INFO - Step [151/1768], Train Loss: 2.4111
2024-05-17 08:35:56,342 - INFO - Step [152/1768], Train Loss: 2.4091
2024-05-17 08:36:02,125 - INFO - Step [153/1768], Train Loss: 2.3933
2024-05-17 08:36:14,932 - INFO - Step [154/1768], Train Loss: 2.4083
2024-05-17 08:36:25,948 - INFO - Step [155/1768], Train Loss: 2.3915
2024-05-17 08:36:40,854 - INFO - Step [156/1768], Train Loss: 2.4002
2024-05-17 08:36:53,445 - INFO - Step [157/1768], Train Loss: 2.4039
2024-05-17 08:37:08,845 - INFO - Step [158/1768], Train Loss: 2.3929
2024-05-17 08:37:26,389 - INFO - Step [159/1768], Train Loss: 2.4025
2024-05-17 08:37:32,860 - INFO - Step [160/1768], Train Loss: 2.3987
2024-05-17 08:37:47,308 - INFO - Step [161/1768], Train Loss: 2.4039
2024-05-17 08:37:55,781 - INFO - Step [162/1768], Train Loss: 2.3939
2024-05-17 08:38:05,316 - INFO - Step [163/1768], Train Loss: 2.3993
2024-05-17 08:38:11,193 - INFO - Step [164/1768], Train Loss: 2.3817
2024-05-17 08:38:20,423 - INFO - Step [165/1768], Train Loss: 2.3979
2024-05-17 08:38:29,323 - INFO - Step [166/1768], Train Loss: 2.3921
2024-05-17 08:38:46,637 - INFO - Step [167/1768], Train Loss: 2.3917
2024-05-17 08:38:53,168 - INFO - Step [168/1768], Train Loss: 2.3897
2024-05-17 08:39:03,999 - INFO - Step [169/1768], Train Loss: 2.4046
2024-05-17 08:39:13,986 - INFO - Step [170/1768], Train Loss: 2.4084
2024-05-17 08:39:29,299 - INFO - Step [171/1768], Train Loss: 2.3913
2024-05-17 08:39:35,968 - INFO - Step [172/1768], Train Loss: 2.3906
2024-05-17 08:39:49,516 - INFO - Step [173/1768], Train Loss: 2.3935
2024-05-17 08:40:05,078 - INFO - Step [174/1768], Train Loss: 2.3889
2024-05-17 08:40:08,324 - INFO - Step [175/1768], Train Loss: 2.3899
2024-05-17 08:40:26,072 - INFO - Step [176/1768], Train Loss: 2.4035
2024-05-17 08:40:43,827 - INFO - Step [177/1768], Train Loss: 2.3874
2024-05-17 08:40:58,156 - INFO - Step [178/1768], Train Loss: 2.3896
2024-05-17 08:41:14,346 - INFO - Step [179/1768], Train Loss: 2.3792
2024-05-17 08:41:28,077 - INFO - Step [180/1768], Train Loss: 2.3935
2024-05-17 08:41:35,179 - INFO - Step [181/1768], Train Loss: 2.4047
2024-05-17 08:41:51,445 - INFO - Step [182/1768], Train Loss: 2.3951
2024-05-17 08:42:07,082 - INFO - Step [183/1768], Train Loss: 2.4004
2024-05-17 08:42:23,990 - INFO - Step [184/1768], Train Loss: 2.3878
2024-05-17 08:42:38,053 - INFO - Step [185/1768], Train Loss: 2.4085
2024-05-17 08:42:44,204 - INFO - Step [186/1768], Train Loss: 2.4009
2024-05-17 08:42:59,829 - INFO - Step [187/1768], Train Loss: 2.4030
2024-05-17 08:43:10,722 - INFO - Step [188/1768], Train Loss: 2.4079
2024-05-17 08:43:27,842 - INFO - Step [189/1768], Train Loss: 2.4016
2024-05-17 08:43:33,875 - INFO - Step [190/1768], Train Loss: 2.4055
2024-05-17 08:43:51,838 - INFO - Step [191/1768], Train Loss: 2.4030
2024-05-17 08:43:56,650 - INFO - Step [192/1768], Train Loss: 2.3992
2024-05-17 08:44:07,700 - INFO - Step [193/1768], Train Loss: 2.3921
2024-05-17 08:44:26,127 - INFO - Step [194/1768], Train Loss: 2.4064
2024-05-17 08:44:40,466 - INFO - Step [195/1768], Train Loss: 2.3909
2024-05-17 08:44:52,669 - INFO - Step [196/1768], Train Loss: 2.3958
2024-05-17 08:45:00,226 - INFO - Step [197/1768], Train Loss: 2.3891
2024-05-17 08:45:11,611 - INFO - Step [198/1768], Train Loss: 2.3875
2024-05-17 08:45:29,846 - INFO - Step [199/1768], Train Loss: 2.3985
2024-05-17 08:45:41,005 - INFO - Step [200/1768], Train Loss: 2.4123
2024-05-17 08:50:34,109 - INFO - Step [200/1768], Val Loss: 2.3985
2024-05-17 08:50:43,587 - INFO - Step [201/1768], Train Loss: 2.4025
2024-05-17 08:50:50,472 - INFO - Step [202/1768], Train Loss: 2.3947
2024-05-17 08:50:59,274 - INFO - Step [203/1768], Train Loss: 2.3941
2024-05-17 08:51:13,195 - INFO - Step [204/1768], Train Loss: 2.4012
2024-05-17 08:51:23,398 - INFO - Step [205/1768], Train Loss: 2.3826
2024-05-17 08:51:38,206 - INFO - Step [206/1768], Train Loss: 2.4046
2024-05-17 08:51:52,098 - INFO - Step [207/1768], Train Loss: 2.4024
2024-05-17 08:52:05,012 - INFO - Step [208/1768], Train Loss: 2.4052
2024-05-17 08:52:14,386 - INFO - Step [209/1768], Train Loss: 2.3881
2024-05-17 08:52:24,273 - INFO - Step [210/1768], Train Loss: 2.3961
2024-05-17 08:52:30,786 - INFO - Step [211/1768], Train Loss: 2.3979
2024-05-17 08:52:45,672 - INFO - Step [212/1768], Train Loss: 2.4013
2024-05-17 08:53:03,007 - INFO - Step [213/1768], Train Loss: 2.4014
2024-05-17 08:53:18,275 - INFO - Step [214/1768], Train Loss: 2.4073
2024-05-17 08:53:25,637 - INFO - Step [215/1768], Train Loss: 2.3989
2024-05-17 08:53:29,296 - INFO - Step [216/1768], Train Loss: 2.3931
2024-05-17 08:53:47,817 - INFO - Step [217/1768], Train Loss: 2.4193
2024-05-17 08:53:53,101 - INFO - Step [218/1768], Train Loss: 2.3832
2024-05-17 08:54:02,095 - INFO - Step [219/1768], Train Loss: 2.4057
2024-05-17 08:54:16,812 - INFO - Step [220/1768], Train Loss: 2.4028
2024-05-17 08:54:26,636 - INFO - Step [221/1768], Train Loss: 2.4023
2024-05-17 08:54:42,140 - INFO - Step [222/1768], Train Loss: 2.3924
2024-05-17 08:54:52,062 - INFO - Step [223/1768], Train Loss: 2.3889
2024-05-17 08:55:01,662 - INFO - Step [224/1768], Train Loss: 2.4007
2024-05-17 08:55:14,230 - INFO - Step [225/1768], Train Loss: 2.4021
2024-05-17 08:55:22,331 - INFO - Step [226/1768], Train Loss: 2.3963
2024-05-17 08:55:39,196 - INFO - Step [227/1768], Train Loss: 2.3995
2024-05-17 08:55:55,278 - INFO - Step [228/1768], Train Loss: 2.3942
2024-05-17 08:56:12,481 - INFO - Step [229/1768], Train Loss: 2.4047
2024-05-17 08:56:26,488 - INFO - Step [230/1768], Train Loss: 2.3913
2024-05-17 08:56:43,682 - INFO - Step [231/1768], Train Loss: 2.3967
2024-05-17 08:56:57,731 - INFO - Step [232/1768], Train Loss: 2.4060
2024-05-17 08:57:05,629 - INFO - Step [233/1768], Train Loss: 2.3957
2024-05-17 08:57:12,466 - INFO - Step [234/1768], Train Loss: 2.3960
2024-05-17 08:57:19,724 - INFO - Step [235/1768], Train Loss: 2.3998
2024-05-17 08:57:32,619 - INFO - Step [236/1768], Train Loss: 2.3987
2024-05-17 08:57:46,428 - INFO - Step [237/1768], Train Loss: 2.3980
2024-05-17 08:58:02,417 - INFO - Step [238/1768], Train Loss: 2.3799
2024-05-17 08:58:09,999 - INFO - Step [239/1768], Train Loss: 2.3885
2024-05-17 08:58:14,561 - INFO - Step [240/1768], Train Loss: 2.3887
2024-05-17 08:58:21,618 - INFO - Step [241/1768], Train Loss: 2.3937
2024-05-17 08:58:36,762 - INFO - Step [242/1768], Train Loss: 2.3859
2024-05-17 08:58:51,873 - INFO - Step [243/1768], Train Loss: 2.3964
2024-05-17 08:59:01,653 - INFO - Step [244/1768], Train Loss: 2.4123
2024-05-17 08:59:16,257 - INFO - Step [245/1768], Train Loss: 2.4108
2024-05-17 08:59:27,271 - INFO - Step [246/1768], Train Loss: 2.3958
2024-05-17 08:59:43,244 - INFO - Step [247/1768], Train Loss: 2.3878
2024-05-17 09:00:00,109 - INFO - Step [248/1768], Train Loss: 2.4001
2024-05-17 09:00:03,682 - INFO - Step [249/1768], Train Loss: 2.3927
2024-05-17 09:00:19,208 - INFO - Step [250/1768], Train Loss: 2.4038
2024-05-17 09:05:12,246 - INFO - Step [250/1768], Val Loss: 2.3985
2024-05-17 09:05:24,677 - INFO - Step [251/1768], Train Loss: 2.3887
2024-05-17 09:05:36,593 - INFO - Step [252/1768], Train Loss: 2.3865
2024-05-17 09:05:41,695 - INFO - Step [253/1768], Train Loss: 2.3892
2024-05-17 09:05:49,062 - INFO - Step [254/1768], Train Loss: 2.3891
2024-05-17 09:05:56,837 - INFO - Step [255/1768], Train Loss: 2.3962
2024-05-17 09:06:09,165 - INFO - Step [256/1768], Train Loss: 2.3936
2024-05-17 09:06:14,608 - INFO - Step [257/1768], Train Loss: 2.3990
2024-05-17 09:06:28,861 - INFO - Step [258/1768], Train Loss: 2.3948
2024-05-17 09:06:33,809 - INFO - Step [259/1768], Train Loss: 2.4011
2024-05-17 09:06:44,041 - INFO - Step [260/1768], Train Loss: 2.3946
2024-05-17 09:06:52,991 - INFO - Step [261/1768], Train Loss: 2.3875
2024-05-17 09:07:08,499 - INFO - Step [262/1768], Train Loss: 2.3923
2024-05-17 09:07:22,606 - INFO - Step [263/1768], Train Loss: 2.4022
2024-05-17 09:07:35,189 - INFO - Step [264/1768], Train Loss: 2.3898
2024-05-17 09:07:44,051 - INFO - Step [265/1768], Train Loss: 2.3852
2024-05-17 09:07:53,320 - INFO - Step [266/1768], Train Loss: 2.3940
2024-05-17 09:07:58,052 - INFO - Step [267/1768], Train Loss: 2.4018
2024-05-17 09:08:07,022 - INFO - Step [268/1768], Train Loss: 2.3913
2024-05-17 09:08:22,033 - INFO - Step [269/1768], Train Loss: 2.3941
2024-05-17 09:08:33,314 - INFO - Step [270/1768], Train Loss: 2.3994
2024-05-17 09:08:40,774 - INFO - Step [271/1768], Train Loss: 2.3961
2024-05-17 09:08:58,491 - INFO - Step [272/1768], Train Loss: 2.3930
2024-05-17 09:09:08,826 - INFO - Step [273/1768], Train Loss: 2.4003
2024-05-17 09:09:25,894 - INFO - Step [274/1768], Train Loss: 2.3878
2024-05-17 09:09:43,540 - INFO - Step [275/1768], Train Loss: 2.3883
2024-05-17 09:09:54,718 - INFO - Step [276/1768], Train Loss: 2.4010
2024-05-17 09:10:13,225 - INFO - Step [277/1768], Train Loss: 2.4003
2024-05-17 09:10:23,773 - INFO - Step [278/1768], Train Loss: 2.3851
2024-05-17 09:10:39,909 - INFO - Step [279/1768], Train Loss: 2.4073
2024-05-17 09:10:46,161 - INFO - Step [280/1768], Train Loss: 2.3938
2024-05-17 09:10:57,562 - INFO - Step [281/1768], Train Loss: 2.3918
2024-05-17 09:11:09,081 - INFO - Step [282/1768], Train Loss: 2.4111
2024-05-17 09:11:20,399 - INFO - Step [283/1768], Train Loss: 2.3880
2024-05-17 09:11:32,545 - INFO - Step [284/1768], Train Loss: 2.3916
2024-05-17 09:11:50,100 - INFO - Step [285/1768], Train Loss: 2.4001
2024-05-17 09:11:59,342 - INFO - Step [286/1768], Train Loss: 2.4059
2024-05-17 09:12:11,114 - INFO - Step [287/1768], Train Loss: 2.3864
2024-05-17 09:12:19,621 - INFO - Step [288/1768], Train Loss: 2.3825
2024-05-17 09:12:30,592 - INFO - Step [289/1768], Train Loss: 2.3915
2024-05-17 09:12:36,207 - INFO - Step [290/1768], Train Loss: 2.3832
2024-05-17 09:12:46,087 - INFO - Step [291/1768], Train Loss: 2.4096
2024-05-17 09:12:59,590 - INFO - Step [292/1768], Train Loss: 2.4045
2024-05-17 09:13:07,514 - INFO - Step [293/1768], Train Loss: 2.3955
2024-05-17 09:13:22,037 - INFO - Step [294/1768], Train Loss: 2.4057
2024-05-17 09:13:37,643 - INFO - Step [295/1768], Train Loss: 2.3949
2024-05-17 09:13:53,881 - INFO - Step [296/1768], Train Loss: 2.3985
2024-05-17 09:14:10,024 - INFO - Step [297/1768], Train Loss: 2.4039
2024-05-17 09:14:23,729 - INFO - Step [298/1768], Train Loss: 2.3837
2024-05-17 09:14:35,520 - INFO - Step [299/1768], Train Loss: 2.3991
2024-05-17 09:14:41,516 - INFO - Step [300/1768], Train Loss: 2.3902
2024-05-17 09:19:34,467 - INFO - Step [300/1768], Val Loss: 2.3985
2024-05-17 09:19:47,372 - INFO - Step [301/1768], Train Loss: 2.3859
2024-05-17 09:19:52,290 - INFO - Step [302/1768], Train Loss: 2.3911
2024-05-17 09:19:58,430 - INFO - Step [303/1768], Train Loss: 2.4051
2024-05-17 09:20:08,032 - INFO - Step [304/1768], Train Loss: 2.3942
2024-05-17 09:20:11,548 - INFO - Step [305/1768], Train Loss: 2.3957
2024-05-17 09:20:25,989 - INFO - Step [306/1768], Train Loss: 2.3983
2024-05-17 09:20:33,649 - INFO - Step [307/1768], Train Loss: 2.3961
2024-05-17 09:20:45,352 - INFO - Step [308/1768], Train Loss: 2.4136
2024-05-17 09:20:53,095 - INFO - Step [309/1768], Train Loss: 2.3995
2024-05-17 09:21:08,496 - INFO - Step [310/1768], Train Loss: 2.4154
2024-05-17 09:21:17,933 - INFO - Step [311/1768], Train Loss: 2.3910
2024-05-17 09:21:27,130 - INFO - Step [312/1768], Train Loss: 2.3936
2024-05-17 09:21:45,027 - INFO - Step [313/1768], Train Loss: 2.3991
2024-05-17 09:21:59,715 - INFO - Step [314/1768], Train Loss: 2.3882
2024-05-17 09:22:13,288 - INFO - Step [315/1768], Train Loss: 2.4006
2024-05-17 09:22:25,584 - INFO - Step [316/1768], Train Loss: 2.3981
2024-05-17 09:22:38,516 - INFO - Step [317/1768], Train Loss: 2.4119
2024-05-17 09:22:47,756 - INFO - Step [318/1768], Train Loss: 2.3883
2024-05-17 09:23:03,555 - INFO - Step [319/1768], Train Loss: 2.3946
2024-05-17 09:23:11,833 - INFO - Step [320/1768], Train Loss: 2.3913
2024-05-17 09:23:19,757 - INFO - Step [321/1768], Train Loss: 2.3938
2024-05-17 09:23:34,406 - INFO - Step [322/1768], Train Loss: 2.3974
2024-05-17 09:23:44,825 - INFO - Step [323/1768], Train Loss: 2.3805
2024-05-17 09:23:54,394 - INFO - Step [324/1768], Train Loss: 2.3989
2024-05-17 09:24:08,069 - INFO - Step [325/1768], Train Loss: 2.4044
2024-05-17 09:24:24,786 - INFO - Step [326/1768], Train Loss: 2.3973
2024-05-17 09:24:35,544 - INFO - Step [327/1768], Train Loss: 2.3712
2024-05-17 09:24:43,883 - INFO - Step [328/1768], Train Loss: 2.3873
2024-05-17 09:24:58,379 - INFO - Step [329/1768], Train Loss: 2.3948
2024-05-17 09:25:03,281 - INFO - Step [330/1768], Train Loss: 2.3841
2024-05-17 09:25:19,167 - INFO - Step [331/1768], Train Loss: 2.4106
2024-05-17 09:25:30,057 - INFO - Step [332/1768], Train Loss: 2.3951
2024-05-17 09:25:40,741 - INFO - Step [333/1768], Train Loss: 2.3901
2024-05-17 09:25:57,774 - INFO - Step [334/1768], Train Loss: 2.3941
2024-05-17 09:26:07,469 - INFO - Step [335/1768], Train Loss: 2.3994
2024-05-17 09:26:13,256 - INFO - Step [336/1768], Train Loss: 2.4013
2024-05-17 09:26:27,517 - INFO - Step [337/1768], Train Loss: 2.4069
2024-05-17 09:26:34,729 - INFO - Step [338/1768], Train Loss: 2.3914
2024-05-17 09:26:48,933 - INFO - Step [339/1768], Train Loss: 2.3933
2024-05-17 09:26:58,299 - INFO - Step [340/1768], Train Loss: 2.3912
2024-05-17 09:27:07,803 - INFO - Step [341/1768], Train Loss: 2.4088
2024-05-17 09:27:18,372 - INFO - Step [342/1768], Train Loss: 2.3799
2024-05-17 09:27:27,148 - INFO - Step [343/1768], Train Loss: 2.4017
2024-05-17 09:27:39,187 - INFO - Step [344/1768], Train Loss: 2.4029
2024-05-17 09:27:51,159 - INFO - Step [345/1768], Train Loss: 2.4035
2024-05-17 09:28:04,208 - INFO - Step [346/1768], Train Loss: 2.3917
2024-05-17 09:28:20,990 - INFO - Step [347/1768], Train Loss: 2.4066
2024-05-17 09:28:30,559 - INFO - Step [348/1768], Train Loss: 2.4028
2024-05-17 09:28:38,060 - INFO - Step [349/1768], Train Loss: 2.3909
2024-05-17 09:28:49,771 - INFO - Step [350/1768], Train Loss: 2.3955
2024-05-17 09:33:43,157 - INFO - Step [350/1768], Val Loss: 2.3985
2024-05-17 09:33:43,157 - INFO - Early stopping triggered.
2024-05-17 09:38:36,086 - INFO - Epoch [1/2], Train Loss: 0.9520, Val Loss: 2.3985
2024-05-17 09:38:45,550 - INFO - Step [350/1768], Train Loss: 2.3959
2024-05-17 09:43:38,372 - INFO - Step [350/1768], Val Loss: 2.3207
2024-05-17 09:43:48,798 - INFO - Model and log history saved at step 350 (epoch 1) with validation loss 2.3207
2024-05-17 09:44:05,649 - INFO - Step [351/1768], Train Loss: 2.3256
2024-05-17 09:44:21,663 - INFO - Step [352/1768], Train Loss: 2.2565
2024-05-17 09:44:37,236 - INFO - Step [353/1768], Train Loss: 2.1936
2024-05-17 09:44:42,959 - INFO - Step [354/1768], Train Loss: 2.1905
2024-05-17 09:44:48,976 - INFO - Step [355/1768], Train Loss: 2.1195
2024-05-17 09:44:53,864 - INFO - Step [356/1768], Train Loss: 2.0619
2024-05-17 09:45:06,978 - INFO - Step [357/1768], Train Loss: 2.0460
2024-05-17 09:45:17,105 - INFO - Step [358/1768], Train Loss: 1.9963
2024-05-17 09:45:31,319 - INFO - Step [359/1768], Train Loss: 2.0423
2024-05-17 09:45:42,284 - INFO - Step [360/1768], Train Loss: 1.9795
2024-05-17 09:45:52,216 - INFO - Step [361/1768], Train Loss: 1.9838
2024-05-17 09:46:02,352 - INFO - Step [362/1768], Train Loss: 1.9718
2024-05-17 09:46:08,708 - INFO - Step [363/1768], Train Loss: 1.9425
2024-05-17 09:46:18,945 - INFO - Step [364/1768], Train Loss: 1.9142
2024-05-17 09:46:32,414 - INFO - Step [365/1768], Train Loss: 1.9870
2024-05-17 09:46:42,448 - INFO - Step [366/1768], Train Loss: 1.9648
2024-05-17 09:46:58,591 - INFO - Step [367/1768], Train Loss: 1.8714
2024-05-17 09:47:04,312 - INFO - Step [368/1768], Train Loss: 1.8837
2024-05-17 09:47:16,877 - INFO - Step [369/1768], Train Loss: 1.8644
2024-05-17 09:47:34,944 - INFO - Step [370/1768], Train Loss: 1.8352
2024-05-17 09:47:44,777 - INFO - Step [371/1768], Train Loss: 1.8422
2024-05-17 09:48:01,823 - INFO - Step [372/1768], Train Loss: 1.8943
2024-05-17 09:48:15,633 - INFO - Step [373/1768], Train Loss: 1.8302
2024-05-17 09:48:23,983 - INFO - Step [374/1768], Train Loss: 1.9299
2024-05-17 09:48:41,185 - INFO - Step [375/1768], Train Loss: 1.8662
2024-05-17 09:48:58,811 - INFO - Step [376/1768], Train Loss: 1.8551
2024-05-17 09:49:06,972 - INFO - Step [377/1768], Train Loss: 1.8263
2024-05-17 09:49:25,492 - INFO - Step [378/1768], Train Loss: 1.8535
2024-05-17 09:49:30,944 - INFO - Step [379/1768], Train Loss: 1.8536
2024-05-17 09:49:43,300 - INFO - Step [380/1768], Train Loss: 1.8506
2024-05-17 09:50:01,723 - INFO - Step [381/1768], Train Loss: 1.8570
2024-05-17 09:50:07,253 - INFO - Step [382/1768], Train Loss: 1.8808
2024-05-17 09:50:13,369 - INFO - Step [383/1768], Train Loss: 1.7888
2024-05-17 09:50:31,662 - INFO - Step [384/1768], Train Loss: 1.8402
2024-05-17 09:50:40,890 - INFO - Step [385/1768], Train Loss: 1.8411
2024-05-17 09:50:56,511 - INFO - Step [386/1768], Train Loss: 1.7968
2024-05-17 09:51:05,609 - INFO - Step [387/1768], Train Loss: 1.8337
2024-05-17 09:51:23,889 - INFO - Step [388/1768], Train Loss: 1.8117
2024-05-17 09:51:37,575 - INFO - Step [389/1768], Train Loss: 1.8372
2024-05-17 09:51:44,627 - INFO - Step [390/1768], Train Loss: 1.8028
2024-05-17 09:51:51,256 - INFO - Step [391/1768], Train Loss: 1.7902
2024-05-17 09:52:02,680 - INFO - Step [392/1768], Train Loss: 1.8168
2024-05-17 09:52:17,747 - INFO - Step [393/1768], Train Loss: 1.8050
2024-05-17 09:52:27,572 - INFO - Step [394/1768], Train Loss: 1.7539
2024-05-17 09:52:39,174 - INFO - Step [395/1768], Train Loss: 1.8229
2024-05-17 09:52:45,078 - INFO - Step [396/1768], Train Loss: 1.8204
2024-05-17 09:52:59,354 - INFO - Step [397/1768], Train Loss: 1.7957
2024-05-17 09:53:15,392 - INFO - Step [398/1768], Train Loss: 1.7815
2024-05-17 09:53:29,049 - INFO - Step [399/1768], Train Loss: 1.8473
2024-05-17 09:53:39,813 - INFO - Step [400/1768], Train Loss: 1.7932
2024-05-17 09:58:32,660 - INFO - Step [400/1768], Val Loss: 1.7808
2024-05-17 09:58:43,067 - INFO - Model and log history saved at step 400 (epoch 1) with validation loss 1.7808
2024-05-17 09:58:50,750 - INFO - Step [401/1768], Train Loss: 1.7716
2024-05-17 09:59:05,944 - INFO - Step [402/1768], Train Loss: 1.8099
2024-05-17 09:59:18,981 - INFO - Step [403/1768], Train Loss: 1.8119
2024-05-17 09:59:29,716 - INFO - Step [404/1768], Train Loss: 1.7673
2024-05-17 09:59:38,230 - INFO - Step [405/1768], Train Loss: 1.7474
2024-05-17 09:59:50,735 - INFO - Step [406/1768], Train Loss: 1.7375
2024-05-17 10:00:02,846 - INFO - Step [407/1768], Train Loss: 1.7671
2024-05-17 10:00:17,097 - INFO - Step [408/1768], Train Loss: 1.7670
2024-05-17 10:00:27,307 - INFO - Step [409/1768], Train Loss: 1.8099
2024-05-17 10:00:36,160 - INFO - Step [410/1768], Train Loss: 1.7029
2024-05-17 10:00:49,029 - INFO - Step [411/1768], Train Loss: 1.7858
2024-05-17 10:01:07,677 - INFO - Step [412/1768], Train Loss: 1.7612
2024-05-17 10:01:17,185 - INFO - Step [413/1768], Train Loss: 1.7408
2024-05-17 10:01:31,747 - INFO - Step [414/1768], Train Loss: 1.7724
2024-05-17 10:01:46,841 - INFO - Step [415/1768], Train Loss: 1.7525
2024-05-17 10:02:00,509 - INFO - Step [416/1768], Train Loss: 1.7008
2024-05-17 10:02:11,520 - INFO - Step [417/1768], Train Loss: 1.7465
2024-05-17 10:02:28,413 - INFO - Step [418/1768], Train Loss: 1.7157
2024-05-17 10:02:44,479 - INFO - Step [419/1768], Train Loss: 1.7117
2024-05-17 10:02:55,046 - INFO - Step [420/1768], Train Loss: 1.7499
2024-05-17 10:03:09,327 - INFO - Step [421/1768], Train Loss: 1.7329
2024-05-17 10:03:26,018 - INFO - Step [422/1768], Train Loss: 1.6658
2024-05-17 10:03:32,464 - INFO - Step [423/1768], Train Loss: 1.7240
2024-05-17 10:03:39,056 - INFO - Step [424/1768], Train Loss: 1.7077
2024-05-17 10:03:49,052 - INFO - Step [425/1768], Train Loss: 1.7268
2024-05-17 10:04:00,902 - INFO - Step [426/1768], Train Loss: 1.7198
2024-05-17 10:04:09,785 - INFO - Step [427/1768], Train Loss: 1.7044
2024-05-17 10:04:15,937 - INFO - Step [428/1768], Train Loss: 1.7352
2024-05-17 10:04:26,584 - INFO - Step [429/1768], Train Loss: 1.6995
2024-05-17 10:04:40,560 - INFO - Step [430/1768], Train Loss: 1.7159
2024-05-17 10:04:51,213 - INFO - Step [431/1768], Train Loss: 1.6676
2024-05-17 10:04:59,551 - INFO - Step [432/1768], Train Loss: 1.7343
2024-05-17 10:05:15,181 - INFO - Step [433/1768], Train Loss: 1.6844
2024-05-17 10:05:30,649 - INFO - Step [434/1768], Train Loss: 1.6665
2024-05-17 10:05:36,946 - INFO - Step [435/1768], Train Loss: 1.6895
2024-05-17 10:05:50,067 - INFO - Step [436/1768], Train Loss: 1.6983
2024-05-17 10:06:04,107 - INFO - Step [437/1768], Train Loss: 1.6667
2024-05-17 10:06:10,691 - INFO - Step [438/1768], Train Loss: 1.6639
2024-05-17 10:06:21,295 - INFO - Step [439/1768], Train Loss: 1.6805
2024-05-17 10:06:31,077 - INFO - Step [440/1768], Train Loss: 1.7289
2024-05-17 10:06:46,919 - INFO - Step [441/1768], Train Loss: 1.6948
2024-05-17 10:07:04,633 - INFO - Step [442/1768], Train Loss: 1.6659
2024-05-17 10:07:16,359 - INFO - Step [443/1768], Train Loss: 1.6663
2024-05-17 10:07:31,839 - INFO - Step [444/1768], Train Loss: 1.6710
2024-05-17 10:07:42,218 - INFO - Step [445/1768], Train Loss: 1.6805
2024-05-17 10:07:47,190 - INFO - Step [446/1768], Train Loss: 1.6825
2024-05-17 10:07:58,313 - INFO - Step [447/1768], Train Loss: 1.6345
2024-05-17 10:08:03,189 - INFO - Step [448/1768], Train Loss: 1.6500
2024-05-17 10:08:21,238 - INFO - Step [449/1768], Train Loss: 1.6972
2024-05-17 10:08:36,667 - INFO - Step [450/1768], Train Loss: 1.6367
2024-05-17 10:13:29,287 - INFO - Step [450/1768], Val Loss: 1.6523
2024-05-17 10:13:39,706 - INFO - Model and log history saved at step 450 (epoch 1) with validation loss 1.6523
2024-05-17 10:13:52,260 - INFO - Step [451/1768], Train Loss: 1.6355
2024-05-17 10:14:01,395 - INFO - Step [452/1768], Train Loss: 1.6455
2024-05-17 10:14:17,116 - INFO - Step [453/1768], Train Loss: 1.6745
2024-05-17 10:14:35,339 - INFO - Step [454/1768], Train Loss: 1.6115
2024-05-17 10:14:44,387 - INFO - Step [455/1768], Train Loss: 1.6011
2024-05-17 10:14:52,299 - INFO - Step [456/1768], Train Loss: 1.6332
2024-05-17 10:14:58,245 - INFO - Step [457/1768], Train Loss: 1.7394
2024-05-17 10:15:11,132 - INFO - Step [458/1768], Train Loss: 1.6457
2024-05-17 10:15:22,849 - INFO - Step [459/1768], Train Loss: 1.6195
2024-05-17 10:15:38,313 - INFO - Step [460/1768], Train Loss: 1.5979
2024-05-17 10:15:50,612 - INFO - Step [461/1768], Train Loss: 1.6134
2024-05-17 10:16:05,222 - INFO - Step [462/1768], Train Loss: 1.6118
2024-05-17 10:16:17,675 - INFO - Step [463/1768], Train Loss: 1.5914
2024-05-17 10:16:29,918 - INFO - Step [464/1768], Train Loss: 1.6149
2024-05-17 10:16:45,305 - INFO - Step [465/1768], Train Loss: 1.6437
2024-05-17 10:16:55,418 - INFO - Step [466/1768], Train Loss: 1.6273
2024-05-17 10:17:03,768 - INFO - Step [467/1768], Train Loss: 1.6185
2024-05-17 10:17:19,416 - INFO - Step [468/1768], Train Loss: 1.5790
2024-05-17 10:17:24,845 - INFO - Step [469/1768], Train Loss: 1.5468
2024-05-17 10:17:32,607 - INFO - Step [470/1768], Train Loss: 1.6681
2024-05-17 10:17:40,822 - INFO - Step [471/1768], Train Loss: 1.6352
2024-05-17 10:17:56,425 - INFO - Step [472/1768], Train Loss: 1.5659
2024-05-17 10:18:09,296 - INFO - Step [473/1768], Train Loss: 1.5653
2024-05-17 10:18:15,773 - INFO - Step [474/1768], Train Loss: 1.6241
2024-05-17 10:18:26,712 - INFO - Step [475/1768], Train Loss: 1.5960
2024-05-17 10:18:36,801 - INFO - Step [476/1768], Train Loss: 1.5981
2024-05-17 10:18:50,313 - INFO - Step [477/1768], Train Loss: 1.5719
2024-05-17 10:18:59,864 - INFO - Step [478/1768], Train Loss: 1.6037
2024-05-17 10:19:13,249 - INFO - Step [479/1768], Train Loss: 1.5844
2024-05-17 10:19:29,835 - INFO - Step [480/1768], Train Loss: 1.5887
2024-05-17 10:19:45,979 - INFO - Step [481/1768], Train Loss: 1.6039
2024-05-17 10:19:55,093 - INFO - Step [482/1768], Train Loss: 1.5633
2024-05-17 10:20:13,201 - INFO - Step [483/1768], Train Loss: 1.6263
2024-05-17 10:20:26,581 - INFO - Step [484/1768], Train Loss: 1.5502
2024-05-17 10:20:38,950 - INFO - Step [485/1768], Train Loss: 1.5260
2024-05-17 10:20:55,078 - INFO - Step [486/1768], Train Loss: 1.5385
2024-05-17 10:21:05,664 - INFO - Step [487/1768], Train Loss: 1.5763
2024-05-17 10:21:13,171 - INFO - Step [488/1768], Train Loss: 1.5818
2024-05-17 10:21:19,452 - INFO - Step [489/1768], Train Loss: 1.5858
2024-05-17 10:21:29,778 - INFO - Step [490/1768], Train Loss: 1.5756
2024-05-17 10:21:39,824 - INFO - Step [491/1768], Train Loss: 1.5679
2024-05-17 10:21:53,833 - INFO - Step [492/1768], Train Loss: 1.5312
2024-05-17 10:22:00,710 - INFO - Step [493/1768], Train Loss: 1.5279
2024-05-17 10:22:04,892 - INFO - Step [494/1768], Train Loss: 1.5436
2024-05-17 10:22:18,234 - INFO - Step [495/1768], Train Loss: 1.5332
2024-05-17 10:22:30,537 - INFO - Step [496/1768], Train Loss: 1.5763
2024-05-17 10:22:34,212 - INFO - Step [497/1768], Train Loss: 1.5868
2024-05-17 10:22:50,558 - INFO - Step [498/1768], Train Loss: 1.5615
2024-05-17 10:23:01,413 - INFO - Step [499/1768], Train Loss: 1.5112
2024-05-17 10:23:08,045 - INFO - Step [500/1768], Train Loss: 1.6017
2024-05-17 10:28:00,744 - INFO - Step [500/1768], Val Loss: 1.5498
2024-05-17 10:28:11,718 - INFO - Model and log history saved at step 500 (epoch 1) with validation loss 1.5498
2024-05-17 10:28:18,415 - INFO - Step [501/1768], Train Loss: 1.5625
2024-05-17 10:28:30,509 - INFO - Step [502/1768], Train Loss: 1.5639
2024-05-17 10:28:45,872 - INFO - Step [503/1768], Train Loss: 1.5734
2024-05-17 10:29:00,967 - INFO - Step [504/1768], Train Loss: 1.5060
2024-05-17 10:29:08,839 - INFO - Step [505/1768], Train Loss: 1.5004
2024-05-17 10:29:21,640 - INFO - Step [506/1768], Train Loss: 1.5203
2024-05-17 10:29:36,169 - INFO - Step [507/1768], Train Loss: 1.5091
2024-05-17 10:29:47,646 - INFO - Step [508/1768], Train Loss: 1.5337
2024-05-17 10:30:04,800 - INFO - Step [509/1768], Train Loss: 1.5833
2024-05-17 10:30:13,456 - INFO - Step [510/1768], Train Loss: 1.4749
2024-05-17 10:30:25,820 - INFO - Step [511/1768], Train Loss: 1.5045
2024-05-17 10:30:38,399 - INFO - Step [512/1768], Train Loss: 1.4798
2024-05-17 10:30:51,155 - INFO - Step [513/1768], Train Loss: 1.5041
2024-05-17 10:31:08,809 - INFO - Step [514/1768], Train Loss: 1.5388
2024-05-17 10:31:14,563 - INFO - Step [515/1768], Train Loss: 1.5155
2024-05-17 10:31:21,791 - INFO - Step [516/1768], Train Loss: 1.5445
2024-05-17 10:31:38,578 - INFO - Step [517/1768], Train Loss: 1.5190
2024-05-17 10:31:56,770 - INFO - Step [518/1768], Train Loss: 1.5285
2024-05-17 10:32:10,998 - INFO - Step [519/1768], Train Loss: 1.5503
2024-05-17 10:32:16,117 - INFO - Step [520/1768], Train Loss: 1.5247
2024-05-17 10:32:33,882 - INFO - Step [521/1768], Train Loss: 1.5361
2024-05-17 10:32:41,809 - INFO - Step [522/1768], Train Loss: 1.5157
2024-05-17 10:32:59,161 - INFO - Step [523/1768], Train Loss: 1.5192
2024-05-17 10:33:06,449 - INFO - Step [524/1768], Train Loss: 1.5204
2024-05-17 10:33:18,785 - INFO - Step [525/1768], Train Loss: 1.5252
2024-05-17 10:33:28,931 - INFO - Step [526/1768], Train Loss: 1.5139
2024-05-17 10:33:42,655 - INFO - Step [527/1768], Train Loss: 1.5104
2024-05-17 10:33:49,840 - INFO - Step [528/1768], Train Loss: 1.5109
2024-05-17 10:33:58,377 - INFO - Step [529/1768], Train Loss: 1.4923
2024-05-17 10:34:07,955 - INFO - Step [530/1768], Train Loss: 1.4259
2024-05-17 10:34:16,425 - INFO - Step [531/1768], Train Loss: 1.5179
2024-05-17 10:34:30,548 - INFO - Step [532/1768], Train Loss: 1.5061
2024-05-17 10:34:45,291 - INFO - Step [533/1768], Train Loss: 1.4986
2024-05-17 10:34:55,156 - INFO - Step [534/1768], Train Loss: 1.5387
2024-05-17 10:35:03,496 - INFO - Step [535/1768], Train Loss: 1.4767
2024-05-17 10:35:18,825 - INFO - Step [536/1768], Train Loss: 1.4602
2024-05-17 10:35:34,257 - INFO - Step [537/1768], Train Loss: 1.4661
2024-05-17 10:35:51,267 - INFO - Step [538/1768], Train Loss: 1.5040
2024-05-17 10:36:04,947 - INFO - Step [539/1768], Train Loss: 1.4967
2024-05-17 10:36:17,761 - INFO - Step [540/1768], Train Loss: 1.4718
2024-05-17 10:36:30,665 - INFO - Step [541/1768], Train Loss: 1.4554
2024-05-17 10:36:44,052 - INFO - Step [542/1768], Train Loss: 1.5085
2024-05-17 10:36:55,683 - INFO - Step [543/1768], Train Loss: 1.4789
2024-05-17 10:37:03,532 - INFO - Step [544/1768], Train Loss: 1.4861
2024-05-17 10:37:15,901 - INFO - Step [545/1768], Train Loss: 1.4469
2024-05-17 10:37:30,185 - INFO - Step [546/1768], Train Loss: 1.4898
2024-05-17 10:37:36,044 - INFO - Step [547/1768], Train Loss: 1.5223
2024-05-17 10:37:50,087 - INFO - Step [548/1768], Train Loss: 1.4535
2024-05-17 10:37:59,184 - INFO - Step [549/1768], Train Loss: 1.4845
2024-05-17 10:38:06,877 - INFO - Step [550/1768], Train Loss: 1.4864
2024-05-17 10:42:59,767 - INFO - Step [550/1768], Val Loss: 1.4675
2024-05-17 10:43:10,453 - INFO - Model and log history saved at step 550 (epoch 1) with validation loss 1.4675
2024-05-17 10:43:21,042 - INFO - Step [551/1768], Train Loss: 1.4739
2024-05-17 10:43:29,525 - INFO - Step [552/1768], Train Loss: 1.4624
2024-05-17 10:43:35,310 - INFO - Step [553/1768], Train Loss: 1.4403
2024-05-17 10:43:45,021 - INFO - Step [554/1768], Train Loss: 1.4912
2024-05-17 10:43:52,629 - INFO - Step [555/1768], Train Loss: 1.4880
2024-05-17 10:44:07,257 - INFO - Step [556/1768], Train Loss: 1.4443
2024-05-17 10:44:12,473 - INFO - Step [557/1768], Train Loss: 1.4551
2024-05-17 10:44:26,534 - INFO - Step [558/1768], Train Loss: 1.4982
2024-05-17 10:44:36,701 - INFO - Step [559/1768], Train Loss: 1.4408
2024-05-17 10:44:51,033 - INFO - Step [560/1768], Train Loss: 1.4626
2024-05-17 10:44:58,041 - INFO - Step [561/1768], Train Loss: 1.4806
2024-05-17 10:45:12,362 - INFO - Step [562/1768], Train Loss: 1.4595
2024-05-17 10:45:29,621 - INFO - Step [563/1768], Train Loss: 1.4331
2024-05-17 10:45:46,687 - INFO - Step [564/1768], Train Loss: 1.4416
2024-05-17 10:45:56,350 - INFO - Step [565/1768], Train Loss: 1.4775
2024-05-17 10:46:14,524 - INFO - Step [566/1768], Train Loss: 1.4440
2024-05-17 10:46:29,490 - INFO - Step [567/1768], Train Loss: 1.4508
2024-05-17 10:46:46,378 - INFO - Step [568/1768], Train Loss: 1.4072
2024-05-17 10:46:52,065 - INFO - Step [569/1768], Train Loss: 1.4616
2024-05-17 10:47:01,751 - INFO - Step [570/1768], Train Loss: 1.4085
2024-05-17 10:47:09,123 - INFO - Step [571/1768], Train Loss: 1.4197
2024-05-17 10:47:24,348 - INFO - Step [572/1768], Train Loss: 1.4083
2024-05-17 10:47:41,263 - INFO - Step [573/1768], Train Loss: 1.4088
2024-05-17 10:47:48,355 - INFO - Step [574/1768], Train Loss: 1.4068
2024-05-17 10:48:01,215 - INFO - Step [575/1768], Train Loss: 1.4267
2024-05-17 10:48:17,219 - INFO - Step [576/1768], Train Loss: 1.3768
2024-05-17 10:48:30,957 - INFO - Step [577/1768], Train Loss: 1.4216
2024-05-17 10:48:42,577 - INFO - Step [578/1768], Train Loss: 1.4351
2024-05-17 10:48:53,765 - INFO - Step [579/1768], Train Loss: 1.4057
2024-05-17 10:49:02,473 - INFO - Step [580/1768], Train Loss: 1.3508
2024-05-17 10:49:13,820 - INFO - Step [581/1768], Train Loss: 1.3823
2024-05-17 10:49:23,053 - INFO - Step [582/1768], Train Loss: 1.4514
2024-05-17 10:49:36,263 - INFO - Step [583/1768], Train Loss: 1.4193
2024-05-17 10:49:47,605 - INFO - Step [584/1768], Train Loss: 1.4307
2024-05-17 10:50:01,946 - INFO - Step [585/1768], Train Loss: 1.4368
2024-05-17 10:50:10,589 - INFO - Step [586/1768], Train Loss: 1.4535
2024-05-17 10:50:22,014 - INFO - Step [587/1768], Train Loss: 1.4483
2024-05-17 10:50:39,141 - INFO - Step [588/1768], Train Loss: 1.3729
2024-05-17 10:50:48,881 - INFO - Step [589/1768], Train Loss: 1.3494
2024-05-17 10:51:03,079 - INFO - Step [590/1768], Train Loss: 1.4405
2024-05-17 10:51:14,427 - INFO - Step [591/1768], Train Loss: 1.3798
2024-05-17 10:51:32,912 - INFO - Step [592/1768], Train Loss: 1.3807
2024-05-17 10:51:42,494 - INFO - Step [593/1768], Train Loss: 1.4288
2024-05-17 10:51:54,539 - INFO - Step [594/1768], Train Loss: 1.4249
2024-05-17 10:52:02,054 - INFO - Step [595/1768], Train Loss: 1.4088
2024-05-17 10:52:12,575 - INFO - Step [596/1768], Train Loss: 1.3701
2024-05-17 10:52:20,684 - INFO - Step [597/1768], Train Loss: 1.4090
2024-05-17 10:52:26,135 - INFO - Step [598/1768], Train Loss: 1.4378
2024-05-17 10:52:36,064 - INFO - Step [599/1768], Train Loss: 1.3452
2024-05-17 10:52:40,445 - INFO - Step [600/1768], Train Loss: 1.4542
2024-05-17 10:57:33,069 - INFO - Step [600/1768], Val Loss: 1.4004
2024-05-17 10:57:43,501 - INFO - Model and log history saved at step 600 (epoch 1) with validation loss 1.4004
2024-05-17 10:58:01,568 - INFO - Step [601/1768], Train Loss: 1.4120
2024-05-17 10:58:15,167 - INFO - Step [602/1768], Train Loss: 1.4018
2024-05-17 10:58:33,102 - INFO - Step [603/1768], Train Loss: 1.3893
2024-05-17 10:58:46,107 - INFO - Step [604/1768], Train Loss: 1.4174
2024-05-17 10:58:56,388 - INFO - Step [605/1768], Train Loss: 1.4347
2024-05-17 10:59:12,356 - INFO - Step [606/1768], Train Loss: 1.4042
2024-05-17 10:59:20,854 - INFO - Step [607/1768], Train Loss: 1.3930
2024-05-17 10:59:27,847 - INFO - Step [608/1768], Train Loss: 1.4033
2024-05-17 10:59:39,058 - INFO - Step [609/1768], Train Loss: 1.3807
2024-05-17 10:59:55,410 - INFO - Step [610/1768], Train Loss: 1.3705
2024-05-17 11:00:12,104 - INFO - Step [611/1768], Train Loss: 1.3524
2024-05-17 11:00:27,342 - INFO - Step [612/1768], Train Loss: 1.3611
2024-05-17 11:00:39,924 - INFO - Step [613/1768], Train Loss: 1.3790
2024-05-17 11:00:56,277 - INFO - Step [614/1768], Train Loss: 1.3283
2024-05-17 11:01:09,640 - INFO - Step [615/1768], Train Loss: 1.4017
2024-05-17 11:01:24,780 - INFO - Step [616/1768], Train Loss: 1.3560
2024-05-17 11:01:39,207 - INFO - Step [617/1768], Train Loss: 1.4077
2024-05-17 11:01:55,770 - INFO - Step [618/1768], Train Loss: 1.3849
2024-05-17 11:02:04,953 - INFO - Step [619/1768], Train Loss: 1.3436
2024-05-17 11:02:14,007 - INFO - Step [620/1768], Train Loss: 1.3965
2024-05-17 11:02:24,483 - INFO - Step [621/1768], Train Loss: 1.3460
2024-05-17 11:02:32,162 - INFO - Step [622/1768], Train Loss: 1.3873
2024-05-17 11:02:43,298 - INFO - Step [623/1768], Train Loss: 1.3846
2024-05-17 11:02:51,149 - INFO - Step [624/1768], Train Loss: 1.3574
2024-05-17 11:03:05,106 - INFO - Step [625/1768], Train Loss: 1.3879
2024-05-17 11:03:22,167 - INFO - Step [626/1768], Train Loss: 1.3691
2024-05-17 11:03:39,420 - INFO - Step [627/1768], Train Loss: 1.3692
2024-05-17 11:03:49,543 - INFO - Step [628/1768], Train Loss: 1.3777
2024-05-17 11:03:58,419 - INFO - Step [629/1768], Train Loss: 1.3670
2024-05-17 11:04:07,850 - INFO - Step [630/1768], Train Loss: 1.3537
2024-05-17 11:04:16,556 - INFO - Step [631/1768], Train Loss: 1.3702
2024-05-17 11:04:26,539 - INFO - Step [632/1768], Train Loss: 1.3598
2024-05-17 11:04:39,024 - INFO - Step [633/1768], Train Loss: 1.3008
2024-05-17 11:04:45,869 - INFO - Step [634/1768], Train Loss: 1.3561
2024-05-17 11:04:50,220 - INFO - Step [635/1768], Train Loss: 1.3412
2024-05-17 11:05:05,612 - INFO - Step [636/1768], Train Loss: 1.4066
2024-05-17 11:05:19,676 - INFO - Step [637/1768], Train Loss: 1.3278
2024-05-17 11:05:27,242 - INFO - Step [638/1768], Train Loss: 1.3683
2024-05-17 11:05:41,978 - INFO - Step [639/1768], Train Loss: 1.3621
2024-05-17 11:05:57,673 - INFO - Step [640/1768], Train Loss: 1.3377
2024-05-17 11:06:12,517 - INFO - Step [641/1768], Train Loss: 1.3831
2024-05-17 11:06:26,877 - INFO - Step [642/1768], Train Loss: 1.2993
2024-05-17 11:06:35,138 - INFO - Step [643/1768], Train Loss: 1.3585
2024-05-17 11:06:42,496 - INFO - Step [644/1768], Train Loss: 1.3461
2024-05-17 11:06:50,424 - INFO - Step [645/1768], Train Loss: 1.3700
2024-05-17 11:06:58,118 - INFO - Step [646/1768], Train Loss: 1.3296
2024-05-17 11:07:14,261 - INFO - Step [647/1768], Train Loss: 1.3197
2024-05-17 11:07:26,079 - INFO - Step [648/1768], Train Loss: 1.3749
2024-05-17 11:07:34,398 - INFO - Step [649/1768], Train Loss: 1.3755
2024-05-17 11:07:46,177 - INFO - Step [650/1768], Train Loss: 1.3419
2024-05-17 11:12:39,633 - INFO - Step [650/1768], Val Loss: 1.3443
2024-05-17 11:12:50,039 - INFO - Model and log history saved at step 650 (epoch 1) with validation loss 1.3443
2024-05-17 11:13:05,144 - INFO - Step [651/1768], Train Loss: 1.3730
2024-05-17 11:13:23,152 - INFO - Step [652/1768], Train Loss: 1.3347
2024-05-17 11:13:36,329 - INFO - Step [653/1768], Train Loss: 1.3468
2024-05-17 11:13:51,803 - INFO - Step [654/1768], Train Loss: 1.4122
2024-05-17 11:14:07,241 - INFO - Step [655/1768], Train Loss: 1.3243
2024-05-17 11:14:13,358 - INFO - Step [656/1768], Train Loss: 1.3309
2024-05-17 11:14:23,992 - INFO - Step [657/1768], Train Loss: 1.3552
2024-05-17 11:14:33,832 - INFO - Step [658/1768], Train Loss: 1.3284
2024-05-17 11:14:44,748 - INFO - Step [659/1768], Train Loss: 1.3298
2024-05-17 11:14:54,201 - INFO - Step [660/1768], Train Loss: 1.3331
2024-05-17 11:15:04,000 - INFO - Step [661/1768], Train Loss: 1.3399
2024-05-17 11:15:14,656 - INFO - Step [662/1768], Train Loss: 1.2730
2024-05-17 11:15:30,765 - INFO - Step [663/1768], Train Loss: 1.2867
2024-05-17 11:15:47,854 - INFO - Step [664/1768], Train Loss: 1.3246
2024-05-17 11:16:01,432 - INFO - Step [665/1768], Train Loss: 1.3050
2024-05-17 11:16:13,485 - INFO - Step [666/1768], Train Loss: 1.3381
2024-05-17 11:16:22,898 - INFO - Step [667/1768], Train Loss: 1.3386
2024-05-17 11:16:30,389 - INFO - Step [668/1768], Train Loss: 1.3026
2024-05-17 11:16:43,887 - INFO - Step [669/1768], Train Loss: 1.3239
2024-05-17 11:16:58,188 - INFO - Step [670/1768], Train Loss: 1.3799
2024-05-17 11:17:13,326 - INFO - Step [671/1768], Train Loss: 1.3692
2024-05-17 11:17:19,486 - INFO - Step [672/1768], Train Loss: 1.3839
2024-05-17 11:17:22,484 - INFO - Step [673/1768], Train Loss: 1.3271
2024-05-17 11:17:31,442 - INFO - Step [674/1768], Train Loss: 1.3095
2024-05-17 11:17:49,740 - INFO - Step [675/1768], Train Loss: 1.3700
2024-05-17 11:18:02,069 - INFO - Step [676/1768], Train Loss: 1.3530
2024-05-17 11:18:18,876 - INFO - Step [677/1768], Train Loss: 1.3312
2024-05-17 11:18:31,820 - INFO - Step [678/1768], Train Loss: 1.3097
2024-05-17 11:18:42,091 - INFO - Step [679/1768], Train Loss: 1.3052
2024-05-17 11:18:49,036 - INFO - Step [680/1768], Train Loss: 1.2919
2024-05-17 11:19:03,521 - INFO - Step [681/1768], Train Loss: 1.3015
2024-05-17 11:19:10,401 - INFO - Step [682/1768], Train Loss: 1.2940
2024-05-17 11:19:19,515 - INFO - Step [683/1768], Train Loss: 1.3047
2024-05-17 11:19:28,680 - INFO - Step [684/1768], Train Loss: 1.3056
2024-05-17 11:19:37,235 - INFO - Step [685/1768], Train Loss: 1.3421
2024-05-17 11:19:54,584 - INFO - Step [686/1768], Train Loss: 1.2984
2024-05-17 11:20:07,232 - INFO - Step [687/1768], Train Loss: 1.3478
2024-05-17 11:20:12,714 - INFO - Step [688/1768], Train Loss: 1.2996
2024-05-17 11:20:22,643 - INFO - Step [689/1768], Train Loss: 1.3292
2024-05-17 11:20:32,096 - INFO - Step [690/1768], Train Loss: 1.3145
2024-05-17 11:20:47,619 - INFO - Step [691/1768], Train Loss: 1.3028
2024-05-17 11:20:55,174 - INFO - Step [692/1768], Train Loss: 1.2748
2024-05-17 11:21:08,848 - INFO - Step [693/1768], Train Loss: 1.2748
2024-05-17 11:21:20,169 - INFO - Step [694/1768], Train Loss: 1.3019
2024-05-17 11:21:28,129 - INFO - Step [695/1768], Train Loss: 1.3403
2024-05-17 11:21:34,667 - INFO - Step [696/1768], Train Loss: 1.3072
2024-05-17 11:21:49,713 - INFO - Step [697/1768], Train Loss: 1.3228
2024-05-17 11:22:04,912 - INFO - Step [698/1768], Train Loss: 1.2769
2024-05-17 11:22:10,550 - INFO - Step [699/1768], Train Loss: 1.3797
2024-05-17 11:22:22,407 - INFO - Step [700/1768], Train Loss: 1.3423
2024-05-17 11:27:15,824 - INFO - Step [700/1768], Val Loss: 1.2981
2024-05-17 11:27:26,204 - INFO - Model and log history saved at step 700 (epoch 1) with validation loss 1.2981
2024-05-17 11:27:38,482 - INFO - Step [701/1768], Train Loss: 1.2787
2024-05-17 11:27:56,995 - INFO - Step [702/1768], Train Loss: 1.2917
2024-05-17 11:28:02,792 - INFO - Step [703/1768], Train Loss: 1.3389
2024-05-17 11:28:14,759 - INFO - Step [704/1768], Train Loss: 1.3333
2024-05-17 11:28:23,357 - INFO - Step [705/1768], Train Loss: 1.3164
2024-05-17 11:28:31,263 - INFO - Step [706/1768], Train Loss: 1.3001
2024-05-17 11:28:45,257 - INFO - Step [707/1768], Train Loss: 1.2722
2024-05-17 11:28:56,177 - INFO - Step [708/1768], Train Loss: 1.2293
2024-05-17 11:29:05,258 - INFO - Step [709/1768], Train Loss: 1.3056
2024-05-17 11:29:14,201 - INFO - Step [710/1768], Train Loss: 1.3091
2024-05-17 11:29:27,858 - INFO - Step [711/1768], Train Loss: 1.3249
2024-05-17 11:29:46,303 - INFO - Step [712/1768], Train Loss: 1.2981
2024-05-17 11:30:00,427 - INFO - Step [713/1768], Train Loss: 1.3113
2024-05-17 11:30:09,997 - INFO - Step [714/1768], Train Loss: 1.2457
2024-05-17 11:30:24,494 - INFO - Step [715/1768], Train Loss: 1.2888
2024-05-17 11:30:41,393 - INFO - Step [716/1768], Train Loss: 1.2683
2024-05-17 11:30:58,664 - INFO - Step [717/1768], Train Loss: 1.2918
2024-05-17 11:31:06,718 - INFO - Step [718/1768], Train Loss: 1.2774
2024-05-17 11:31:20,504 - INFO - Step [719/1768], Train Loss: 1.3241
2024-05-17 11:31:33,330 - INFO - Step [720/1768], Train Loss: 1.2771
2024-05-17 11:31:42,983 - INFO - Step [721/1768], Train Loss: 1.2451
2024-05-17 11:31:48,954 - INFO - Step [722/1768], Train Loss: 1.2833
2024-05-17 11:32:03,455 - INFO - Step [723/1768], Train Loss: 1.2664
2024-05-17 11:32:12,645 - INFO - Step [724/1768], Train Loss: 1.2886
2024-05-17 11:32:30,715 - INFO - Step [725/1768], Train Loss: 1.2045
2024-05-17 11:32:41,508 - INFO - Step [726/1768], Train Loss: 1.2361
2024-05-17 11:32:57,599 - INFO - Step [727/1768], Train Loss: 1.2833
2024-05-17 11:33:07,028 - INFO - Step [728/1768], Train Loss: 1.2843
2024-05-17 11:33:22,099 - INFO - Step [729/1768], Train Loss: 1.2883
2024-05-17 11:33:35,937 - INFO - Step [730/1768], Train Loss: 1.2537
2024-05-17 11:33:48,765 - INFO - Step [731/1768], Train Loss: 1.2482
2024-05-17 11:33:55,375 - INFO - Step [732/1768], Train Loss: 1.2554
2024-05-17 11:34:10,754 - INFO - Step [733/1768], Train Loss: 1.2411
2024-05-17 11:34:25,513 - INFO - Step [734/1768], Train Loss: 1.2264
2024-05-17 11:34:32,823 - INFO - Step [735/1768], Train Loss: 1.2606
2024-05-17 11:34:45,790 - INFO - Step [736/1768], Train Loss: 1.2673
2024-05-17 11:35:01,483 - INFO - Step [737/1768], Train Loss: 1.2735
2024-05-17 11:35:19,945 - INFO - Step [738/1768], Train Loss: 1.2880
2024-05-17 11:35:24,836 - INFO - Step [739/1768], Train Loss: 1.2413
2024-05-17 11:35:41,433 - INFO - Step [740/1768], Train Loss: 1.2738
2024-05-17 11:35:55,373 - INFO - Step [741/1768], Train Loss: 1.2603
2024-05-17 11:36:10,099 - INFO - Step [742/1768], Train Loss: 1.2572
2024-05-17 11:36:16,896 - INFO - Step [743/1768], Train Loss: 1.2767
2024-05-17 11:36:24,388 - INFO - Step [744/1768], Train Loss: 1.2485
2024-05-17 11:36:31,570 - INFO - Step [745/1768], Train Loss: 1.2314
2024-05-17 11:36:36,725 - INFO - Step [746/1768], Train Loss: 1.3140
2024-05-17 11:36:48,656 - INFO - Step [747/1768], Train Loss: 1.2738
2024-05-17 11:36:54,947 - INFO - Step [748/1768], Train Loss: 1.2394
2024-05-17 11:37:00,724 - INFO - Step [749/1768], Train Loss: 1.2666
2024-05-17 11:37:13,670 - INFO - Step [750/1768], Train Loss: 1.3276
2024-05-17 11:42:06,829 - INFO - Step [750/1768], Val Loss: 1.2577
2024-05-17 11:42:17,179 - INFO - Model and log history saved at step 750 (epoch 1) with validation loss 1.2577
2024-05-17 11:42:28,713 - INFO - Step [751/1768], Train Loss: 1.2283
2024-05-17 11:42:43,829 - INFO - Step [752/1768], Train Loss: 1.2796
2024-05-17 11:42:47,620 - INFO - Step [753/1768], Train Loss: 1.3062
2024-05-17 11:42:59,189 - INFO - Step [754/1768], Train Loss: 1.2905
2024-05-17 11:43:12,705 - INFO - Step [755/1768], Train Loss: 1.2600
2024-05-17 11:43:26,851 - INFO - Step [756/1768], Train Loss: 1.1990
2024-05-17 11:43:37,409 - INFO - Step [757/1768], Train Loss: 1.2943
2024-05-17 11:43:44,167 - INFO - Step [758/1768], Train Loss: 1.2823
2024-05-17 11:43:52,771 - INFO - Step [759/1768], Train Loss: 1.2500
2024-05-17 11:44:07,253 - INFO - Step [760/1768], Train Loss: 1.2068
2024-05-17 11:44:16,934 - INFO - Step [761/1768], Train Loss: 1.2757
2024-05-17 11:44:24,926 - INFO - Step [762/1768], Train Loss: 1.2264
2024-05-17 11:44:32,739 - INFO - Step [763/1768], Train Loss: 1.2292
2024-05-17 11:44:43,266 - INFO - Step [764/1768], Train Loss: 1.2384
2024-05-17 11:44:59,369 - INFO - Step [765/1768], Train Loss: 1.2510
2024-05-17 11:45:04,054 - INFO - Step [766/1768], Train Loss: 1.2724
2024-05-17 11:45:15,515 - INFO - Step [767/1768], Train Loss: 1.2671
2024-05-17 11:45:33,784 - INFO - Step [768/1768], Train Loss: 1.3239
2024-05-17 11:45:50,085 - INFO - Step [769/1768], Train Loss: 1.1986
2024-05-17 11:46:01,435 - INFO - Step [770/1768], Train Loss: 1.2161
2024-05-17 11:46:15,960 - INFO - Step [771/1768], Train Loss: 1.2360
2024-05-17 11:46:34,240 - INFO - Step [772/1768], Train Loss: 1.2237
2024-05-17 11:46:44,701 - INFO - Step [773/1768], Train Loss: 1.2408
2024-05-17 11:47:02,459 - INFO - Step [774/1768], Train Loss: 1.2748
2024-05-17 11:47:18,190 - INFO - Step [775/1768], Train Loss: 1.2680
2024-05-17 11:47:24,684 - INFO - Step [776/1768], Train Loss: 1.2207
2024-05-17 11:47:38,366 - INFO - Step [777/1768], Train Loss: 1.2423
2024-05-17 11:47:48,914 - INFO - Step [778/1768], Train Loss: 1.2211
2024-05-17 11:47:59,875 - INFO - Step [779/1768], Train Loss: 1.2332
2024-05-17 11:48:09,608 - INFO - Step [780/1768], Train Loss: 1.2231
2024-05-17 11:48:26,743 - INFO - Step [781/1768], Train Loss: 1.2592
2024-05-17 11:48:39,981 - INFO - Step [782/1768], Train Loss: 1.2192
2024-05-17 11:48:56,387 - INFO - Step [783/1768], Train Loss: 1.2367
2024-05-17 11:49:10,498 - INFO - Step [784/1768], Train Loss: 1.2261
2024-05-17 11:49:22,998 - INFO - Step [785/1768], Train Loss: 1.2757
2024-05-17 11:49:30,050 - INFO - Step [786/1768], Train Loss: 1.2415
2024-05-17 11:49:39,046 - INFO - Step [787/1768], Train Loss: 1.2374
2024-05-17 11:49:48,028 - INFO - Step [788/1768], Train Loss: 1.2037
2024-05-17 11:50:00,623 - INFO - Step [789/1768], Train Loss: 1.2133
2024-05-17 11:50:06,902 - INFO - Step [790/1768], Train Loss: 1.2285
2024-05-17 11:50:14,472 - INFO - Step [791/1768], Train Loss: 1.2339
2024-05-17 11:50:29,037 - INFO - Step [792/1768], Train Loss: 1.2349
2024-05-17 11:50:34,343 - INFO - Step [793/1768], Train Loss: 1.2455
2024-05-17 11:50:47,846 - INFO - Step [794/1768], Train Loss: 1.2661
2024-05-17 11:50:54,896 - INFO - Step [795/1768], Train Loss: 1.1912
2024-05-17 11:51:09,012 - INFO - Step [796/1768], Train Loss: 1.2469
2024-05-17 11:51:25,828 - INFO - Step [797/1768], Train Loss: 1.2349
2024-05-17 11:51:35,768 - INFO - Step [798/1768], Train Loss: 1.2360
2024-05-17 11:51:41,069 - INFO - Step [799/1768], Train Loss: 1.2508
2024-05-17 11:51:51,011 - INFO - Step [800/1768], Train Loss: 1.2394
2024-05-17 11:56:43,947 - INFO - Step [800/1768], Val Loss: 1.2243
2024-05-17 11:56:54,373 - INFO - Model and log history saved at step 800 (epoch 1) with validation loss 1.2243
2024-05-17 11:57:02,962 - INFO - Step [801/1768], Train Loss: 1.1928
2024-05-17 11:57:20,014 - INFO - Step [802/1768], Train Loss: 1.2692
2024-05-17 11:57:26,726 - INFO - Step [803/1768], Train Loss: 1.1732
2024-05-17 11:57:36,499 - INFO - Step [804/1768], Train Loss: 1.1784
2024-05-17 11:57:43,312 - INFO - Step [805/1768], Train Loss: 1.2295
2024-05-17 11:57:55,563 - INFO - Step [806/1768], Train Loss: 1.2845
2024-05-17 11:58:12,485 - INFO - Step [807/1768], Train Loss: 1.2538
2024-05-17 11:58:29,682 - INFO - Step [808/1768], Train Loss: 1.2835
2024-05-17 11:58:38,933 - INFO - Step [809/1768], Train Loss: 1.1965
2024-05-17 11:58:50,949 - INFO - Step [810/1768], Train Loss: 1.2388
2024-05-17 11:58:56,843 - INFO - Step [811/1768], Train Loss: 1.2398
2024-05-17 11:59:10,039 - INFO - Step [812/1768], Train Loss: 1.2538
2024-05-17 11:59:17,739 - INFO - Step [813/1768], Train Loss: 1.2174
2024-05-17 11:59:29,087 - INFO - Step [814/1768], Train Loss: 1.1928
2024-05-17 11:59:45,950 - INFO - Step [815/1768], Train Loss: 1.2404
2024-05-17 12:00:02,148 - INFO - Step [816/1768], Train Loss: 1.2178
2024-05-17 12:00:18,974 - INFO - Step [817/1768], Train Loss: 1.2030
2024-05-17 12:00:30,105 - INFO - Step [818/1768], Train Loss: 1.2128
2024-05-17 12:00:39,848 - INFO - Step [819/1768], Train Loss: 1.2128
2024-05-17 12:00:55,691 - INFO - Step [820/1768], Train Loss: 1.2018
2024-05-17 12:01:00,837 - INFO - Step [821/1768], Train Loss: 1.2265
2024-05-17 12:01:18,659 - INFO - Step [822/1768], Train Loss: 1.2058
2024-05-17 12:01:33,369 - INFO - Step [823/1768], Train Loss: 1.2108
2024-05-17 12:01:47,939 - INFO - Step [824/1768], Train Loss: 1.1845
2024-05-17 12:02:06,368 - INFO - Step [825/1768], Train Loss: 1.1445
2024-05-17 12:02:16,220 - INFO - Step [826/1768], Train Loss: 1.2327
2024-05-17 12:02:25,975 - INFO - Step [827/1768], Train Loss: 1.2352
2024-05-17 12:02:41,540 - INFO - Step [828/1768], Train Loss: 1.1771
2024-05-17 12:02:48,560 - INFO - Step [829/1768], Train Loss: 1.2329
2024-05-17 12:03:02,155 - INFO - Step [830/1768], Train Loss: 1.1883
2024-05-17 12:03:13,809 - INFO - Step [831/1768], Train Loss: 1.1497
2024-05-17 12:03:17,697 - INFO - Step [832/1768], Train Loss: 1.1671
2024-05-17 12:03:33,393 - INFO - Step [833/1768], Train Loss: 1.1878
2024-05-17 12:03:50,687 - INFO - Step [834/1768], Train Loss: 1.1837
2024-05-17 12:04:03,008 - INFO - Step [835/1768], Train Loss: 1.2157
2024-05-17 12:04:08,871 - INFO - Step [836/1768], Train Loss: 1.1830
2024-05-17 12:04:26,066 - INFO - Step [837/1768], Train Loss: 1.2252
2024-05-17 12:04:39,607 - INFO - Step [838/1768], Train Loss: 1.1888
2024-05-17 12:04:49,602 - INFO - Step [839/1768], Train Loss: 1.2435
2024-05-17 12:04:58,724 - INFO - Step [840/1768], Train Loss: 1.1657
2024-05-17 12:05:09,831 - INFO - Step [841/1768], Train Loss: 1.1717
2024-05-17 12:05:20,317 - INFO - Step [842/1768], Train Loss: 1.2002
2024-05-17 12:05:30,002 - INFO - Step [843/1768], Train Loss: 1.1848
2024-05-17 12:05:42,873 - INFO - Step [844/1768], Train Loss: 1.2232
2024-05-17 12:05:54,122 - INFO - Step [845/1768], Train Loss: 1.2537
2024-05-17 12:06:10,422 - INFO - Step [846/1768], Train Loss: 1.1675
2024-05-17 12:06:15,839 - INFO - Step [847/1768], Train Loss: 1.2192
2024-05-17 12:06:25,852 - INFO - Step [848/1768], Train Loss: 1.1481
2024-05-17 12:06:39,366 - INFO - Step [849/1768], Train Loss: 1.2202
2024-05-17 12:06:54,414 - INFO - Step [850/1768], Train Loss: 1.2176
2024-05-17 12:11:48,050 - INFO - Step [850/1768], Val Loss: 1.1941
2024-05-17 12:11:58,404 - INFO - Model and log history saved at step 850 (epoch 1) with validation loss 1.1941
2024-05-17 12:12:16,623 - INFO - Step [851/1768], Train Loss: 1.1698
2024-05-17 12:12:22,147 - INFO - Step [852/1768], Train Loss: 1.1568
2024-05-17 12:12:32,122 - INFO - Step [853/1768], Train Loss: 1.1493
2024-05-17 12:12:45,070 - INFO - Step [854/1768], Train Loss: 1.1420
2024-05-17 12:12:52,023 - INFO - Step [855/1768], Train Loss: 1.1750
2024-05-17 12:13:04,917 - INFO - Step [856/1768], Train Loss: 1.1648
2024-05-17 12:13:16,767 - INFO - Step [857/1768], Train Loss: 1.1985
2024-05-17 12:13:33,287 - INFO - Step [858/1768], Train Loss: 1.2038
2024-05-17 12:13:39,994 - INFO - Step [859/1768], Train Loss: 1.2030
2024-05-17 12:13:57,301 - INFO - Step [860/1768], Train Loss: 1.1644
2024-05-17 12:14:11,606 - INFO - Step [861/1768], Train Loss: 1.1987
2024-05-17 12:14:22,189 - INFO - Step [862/1768], Train Loss: 1.1517
2024-05-17 12:14:26,590 - INFO - Step [863/1768], Train Loss: 1.1886
2024-05-17 12:14:44,802 - INFO - Step [864/1768], Train Loss: 1.1285
2024-05-17 12:14:54,506 - INFO - Step [865/1768], Train Loss: 1.1493
2024-05-17 12:15:03,223 - INFO - Step [866/1768], Train Loss: 1.1830
2024-05-17 12:15:21,690 - INFO - Step [867/1768], Train Loss: 1.2006
2024-05-17 12:15:28,918 - INFO - Step [868/1768], Train Loss: 1.2104
2024-05-17 12:15:36,194 - INFO - Step [869/1768], Train Loss: 1.1822
2024-05-17 12:15:49,359 - INFO - Step [870/1768], Train Loss: 1.1362
2024-05-17 12:16:04,933 - INFO - Step [871/1768], Train Loss: 1.1363
2024-05-17 12:16:23,377 - INFO - Step [872/1768], Train Loss: 1.1987
2024-05-17 12:16:35,610 - INFO - Step [873/1768], Train Loss: 1.1872
2024-05-17 12:16:53,514 - INFO - Step [874/1768], Train Loss: 1.1998
2024-05-17 12:17:08,503 - INFO - Step [875/1768], Train Loss: 1.1371
2024-05-17 12:17:24,518 - INFO - Step [876/1768], Train Loss: 1.1826
2024-05-17 12:17:31,787 - INFO - Step [877/1768], Train Loss: 1.1570
2024-05-17 12:17:47,815 - INFO - Step [878/1768], Train Loss: 1.1650
2024-05-17 12:17:53,058 - INFO - Step [879/1768], Train Loss: 1.2550
2024-05-17 12:18:07,329 - INFO - Step [880/1768], Train Loss: 1.1678
2024-05-17 12:18:17,178 - INFO - Step [881/1768], Train Loss: 1.1576
2024-05-17 12:18:28,653 - INFO - Step [882/1768], Train Loss: 1.1033
2024-05-17 12:18:45,618 - INFO - Step [883/1768], Train Loss: 1.1360
2024-05-17 12:18:55,423 - INFO - Step [884/1768], Train Loss: 1.1468
2024-05-17 12:19:09,612 - INFO - Step [885/1768], Train Loss: 1.1832
2024-05-17 12:19:15,799 - INFO - Step [886/1768], Train Loss: 1.1807
2024-05-17 12:19:28,391 - INFO - Step [887/1768], Train Loss: 1.1956
2024-05-17 12:19:39,457 - INFO - Step [888/1768], Train Loss: 1.1078
2024-05-17 12:19:54,729 - INFO - Step [889/1768], Train Loss: 1.1304
2024-05-17 12:20:05,635 - INFO - Step [890/1768], Train Loss: 1.1590
2024-05-17 12:20:17,785 - INFO - Step [891/1768], Train Loss: 1.1612
2024-05-17 12:20:25,621 - INFO - Step [892/1768], Train Loss: 1.1959
2024-05-17 12:20:41,403 - INFO - Step [893/1768], Train Loss: 1.2107
2024-05-17 12:20:57,021 - INFO - Step [894/1768], Train Loss: 1.1904
2024-05-17 12:21:10,085 - INFO - Step [895/1768], Train Loss: 1.1679
2024-05-17 12:21:18,303 - INFO - Step [896/1768], Train Loss: 1.1662
2024-05-17 12:21:23,549 - INFO - Step [897/1768], Train Loss: 1.1647
2024-05-17 12:21:31,400 - INFO - Step [898/1768], Train Loss: 1.1661
2024-05-17 12:21:40,076 - INFO - Step [899/1768], Train Loss: 1.1582
2024-05-17 12:21:56,886 - INFO - Step [900/1768], Train Loss: 1.2116
2024-05-17 12:26:50,342 - INFO - Step [900/1768], Val Loss: 1.1673
2024-05-17 12:27:00,728 - INFO - Model and log history saved at step 900 (epoch 1) with validation loss 1.1673
2024-05-17 12:27:11,166 - INFO - Step [901/1768], Train Loss: 1.2189
2024-05-17 12:27:26,788 - INFO - Step [902/1768], Train Loss: 1.1649
2024-05-17 12:27:32,503 - INFO - Step [903/1768], Train Loss: 1.1612
2024-05-17 12:27:45,654 - INFO - Step [904/1768], Train Loss: 1.1806
2024-05-17 12:27:53,377 - INFO - Step [905/1768], Train Loss: 1.1959
2024-05-17 12:28:03,355 - INFO - Step [906/1768], Train Loss: 1.1414
2024-05-17 12:28:18,647 - INFO - Step [907/1768], Train Loss: 1.1422
2024-05-17 12:28:25,305 - INFO - Step [908/1768], Train Loss: 1.1327
2024-05-17 12:28:37,957 - INFO - Step [909/1768], Train Loss: 1.1486
2024-05-17 12:28:45,993 - INFO - Step [910/1768], Train Loss: 1.1346
2024-05-17 12:28:54,876 - INFO - Step [911/1768], Train Loss: 1.1759
2024-05-17 12:29:04,231 - INFO - Step [912/1768], Train Loss: 1.2200
2024-05-17 12:29:12,081 - INFO - Step [913/1768], Train Loss: 1.1348
2024-05-17 12:29:16,879 - INFO - Step [914/1768], Train Loss: 1.1484
2024-05-17 12:29:33,773 - INFO - Step [915/1768], Train Loss: 1.1681
2024-05-17 12:29:46,271 - INFO - Step [916/1768], Train Loss: 1.0826
2024-05-17 12:30:01,596 - INFO - Step [917/1768], Train Loss: 1.1372
2024-05-17 12:30:18,730 - INFO - Step [918/1768], Train Loss: 1.1401
2024-05-17 12:30:36,072 - INFO - Step [919/1768], Train Loss: 1.1757
2024-05-17 12:30:50,370 - INFO - Step [920/1768], Train Loss: 1.1728
2024-05-17 12:30:59,102 - INFO - Step [921/1768], Train Loss: 1.1855
2024-05-17 12:31:11,261 - INFO - Step [922/1768], Train Loss: 1.1254
2024-05-17 12:31:27,210 - INFO - Step [923/1768], Train Loss: 1.2210
2024-05-17 12:31:41,670 - INFO - Step [924/1768], Train Loss: 1.2046
2024-05-17 12:31:49,245 - INFO - Step [925/1768], Train Loss: 1.1292
2024-05-17 12:32:04,335 - INFO - Step [926/1768], Train Loss: 1.1211
2024-05-17 12:32:15,680 - INFO - Step [927/1768], Train Loss: 1.1453
2024-05-17 12:32:22,540 - INFO - Step [928/1768], Train Loss: 1.1577
2024-05-17 12:32:31,843 - INFO - Step [929/1768], Train Loss: 1.1004
2024-05-17 12:32:47,401 - INFO - Step [930/1768], Train Loss: 1.1361
2024-05-17 12:33:02,930 - INFO - Step [931/1768], Train Loss: 1.1812
2024-05-17 12:33:19,175 - INFO - Step [932/1768], Train Loss: 1.1563
2024-05-17 12:33:33,541 - INFO - Step [933/1768], Train Loss: 1.1070
2024-05-17 12:33:41,056 - INFO - Step [934/1768], Train Loss: 1.1824
2024-05-17 12:33:47,631 - INFO - Step [935/1768], Train Loss: 1.1643
2024-05-17 12:34:03,201 - INFO - Step [936/1768], Train Loss: 1.1380
2024-05-17 12:34:15,016 - INFO - Step [937/1768], Train Loss: 1.1353
2024-05-17 12:34:26,171 - INFO - Step [938/1768], Train Loss: 1.1359
2024-05-17 12:34:40,425 - INFO - Step [939/1768], Train Loss: 1.1730
2024-05-17 12:34:45,540 - INFO - Step [940/1768], Train Loss: 1.1579
2024-05-17 12:35:03,684 - INFO - Step [941/1768], Train Loss: 1.1285
2024-05-17 12:35:14,483 - INFO - Step [942/1768], Train Loss: 1.2150
2024-05-17 12:35:32,989 - INFO - Step [943/1768], Train Loss: 1.1296
2024-05-17 12:35:47,272 - INFO - Step [944/1768], Train Loss: 1.1074
2024-05-17 12:35:59,758 - INFO - Step [945/1768], Train Loss: 1.1618
2024-05-17 12:36:06,312 - INFO - Step [946/1768], Train Loss: 1.1571
2024-05-17 12:36:15,352 - INFO - Step [947/1768], Train Loss: 1.1177
2024-05-17 12:36:25,450 - INFO - Step [948/1768], Train Loss: 1.1342
2024-05-17 12:36:37,619 - INFO - Step [949/1768], Train Loss: 1.1263
2024-05-17 12:36:52,073 - INFO - Step [950/1768], Train Loss: 1.1779
2024-05-17 12:41:44,851 - INFO - Step [950/1768], Val Loss: 1.1443
2024-05-17 12:41:55,216 - INFO - Model and log history saved at step 950 (epoch 1) with validation loss 1.1443
2024-05-17 12:42:07,277 - INFO - Step [951/1768], Train Loss: 1.1526
2024-05-17 12:42:23,490 - INFO - Step [952/1768], Train Loss: 1.1493
2024-05-17 12:42:33,552 - INFO - Step [953/1768], Train Loss: 1.1524
2024-05-17 12:42:51,285 - INFO - Step [954/1768], Train Loss: 1.1475
2024-05-17 12:43:03,975 - INFO - Step [955/1768], Train Loss: 1.1205
2024-05-17 12:43:08,569 - INFO - Step [956/1768], Train Loss: 1.1342
2024-05-17 12:43:23,880 - INFO - Step [957/1768], Train Loss: 1.1366
2024-05-17 12:43:27,620 - INFO - Step [958/1768], Train Loss: 1.1544
2024-05-17 12:43:37,319 - INFO - Step [959/1768], Train Loss: 1.1601
2024-05-17 12:43:51,550 - INFO - Step [960/1768], Train Loss: 1.1872
2024-05-17 12:44:05,670 - INFO - Step [961/1768], Train Loss: 1.1658
2024-05-17 12:44:14,657 - INFO - Step [962/1768], Train Loss: 1.1617
2024-05-17 12:44:20,622 - INFO - Step [963/1768], Train Loss: 1.2056
2024-05-17 12:44:28,707 - INFO - Step [964/1768], Train Loss: 1.1163
2024-05-17 12:44:43,739 - INFO - Step [965/1768], Train Loss: 1.1436
2024-05-17 12:44:54,842 - INFO - Step [966/1768], Train Loss: 1.1505
2024-05-17 12:45:11,855 - INFO - Step [967/1768], Train Loss: 1.1357
2024-05-17 12:45:27,013 - INFO - Step [968/1768], Train Loss: 1.1127
2024-05-17 12:45:39,066 - INFO - Step [969/1768], Train Loss: 1.1248
2024-05-17 12:45:50,234 - INFO - Step [970/1768], Train Loss: 1.1172
2024-05-17 12:45:56,933 - INFO - Step [971/1768], Train Loss: 1.0881
2024-05-17 12:46:10,602 - INFO - Step [972/1768], Train Loss: 1.1230
2024-05-17 12:46:27,989 - INFO - Step [973/1768], Train Loss: 1.1339
2024-05-17 12:46:43,877 - INFO - Step [974/1768], Train Loss: 1.1297
2024-05-17 12:46:53,235 - INFO - Step [975/1768], Train Loss: 1.1217
2024-05-17 12:47:06,645 - INFO - Step [976/1768], Train Loss: 1.1776
2024-05-17 12:47:16,964 - INFO - Step [977/1768], Train Loss: 1.1305
2024-05-17 12:47:23,001 - INFO - Step [978/1768], Train Loss: 1.1352
2024-05-17 12:47:34,136 - INFO - Step [979/1768], Train Loss: 1.1252
2024-05-17 12:47:44,191 - INFO - Step [980/1768], Train Loss: 1.1355
2024-05-17 12:47:57,852 - INFO - Step [981/1768], Train Loss: 1.1264
2024-05-17 12:48:13,329 - INFO - Step [982/1768], Train Loss: 1.1096
2024-05-17 12:48:30,133 - INFO - Step [983/1768], Train Loss: 1.1009
2024-05-17 12:48:45,641 - INFO - Step [984/1768], Train Loss: 1.1136
2024-05-17 12:48:53,566 - INFO - Step [985/1768], Train Loss: 1.1164
2024-05-17 12:49:06,463 - INFO - Step [986/1768], Train Loss: 1.1251
2024-05-17 12:49:12,508 - INFO - Step [987/1768], Train Loss: 1.1221
2024-05-17 12:49:22,702 - INFO - Step [988/1768], Train Loss: 1.1230
2024-05-17 12:49:40,693 - INFO - Step [989/1768], Train Loss: 1.1192
2024-05-17 12:49:44,629 - INFO - Step [990/1768], Train Loss: 1.1240
2024-05-17 12:49:54,522 - INFO - Step [991/1768], Train Loss: 1.0913
2024-05-17 12:50:09,820 - INFO - Step [992/1768], Train Loss: 1.0976
2024-05-17 12:50:19,918 - INFO - Step [993/1768], Train Loss: 1.1710
2024-05-17 12:50:25,149 - INFO - Step [994/1768], Train Loss: 1.1100
2024-05-17 12:50:35,355 - INFO - Step [995/1768], Train Loss: 1.1113
2024-05-17 12:50:49,607 - INFO - Step [996/1768], Train Loss: 1.1136
2024-05-17 12:50:59,509 - INFO - Step [997/1768], Train Loss: 1.1221
2024-05-17 12:51:17,604 - INFO - Step [998/1768], Train Loss: 1.1311
2024-05-17 12:51:35,812 - INFO - Step [999/1768], Train Loss: 1.0582
2024-05-17 12:51:54,112 - INFO - Step [1000/1768], Train Loss: 1.1398
2024-05-17 12:56:47,248 - INFO - Step [1000/1768], Val Loss: 1.1243
2024-05-17 12:56:57,741 - INFO - Model and log history saved at step 1000 (epoch 1) with validation loss 1.1243
2024-05-17 12:57:14,107 - INFO - Step [1001/1768], Train Loss: 1.0825
2024-05-17 12:57:28,944 - INFO - Step [1002/1768], Train Loss: 1.0648
2024-05-17 12:57:38,877 - INFO - Step [1003/1768], Train Loss: 1.1288
2024-05-17 12:57:43,829 - INFO - Step [1004/1768], Train Loss: 1.1109
2024-05-17 12:57:50,903 - INFO - Step [1005/1768], Train Loss: 1.1221
2024-05-17 12:58:02,941 - INFO - Step [1006/1768], Train Loss: 1.1069
2024-05-17 12:58:12,452 - INFO - Step [1007/1768], Train Loss: 1.1850
2024-05-17 12:58:27,223 - INFO - Step [1008/1768], Train Loss: 1.1141
2024-05-17 12:58:36,613 - INFO - Step [1009/1768], Train Loss: 1.0931
2024-05-17 12:58:42,498 - INFO - Step [1010/1768], Train Loss: 1.1216
2024-05-17 12:59:00,743 - INFO - Step [1011/1768], Train Loss: 1.1285
2024-05-17 12:59:08,487 - INFO - Step [1012/1768], Train Loss: 1.1251
2024-05-17 12:59:24,524 - INFO - Step [1013/1768], Train Loss: 1.1195
2024-05-17 12:59:31,438 - INFO - Step [1014/1768], Train Loss: 1.1281
2024-05-17 12:59:45,610 - INFO - Step [1015/1768], Train Loss: 1.1375
2024-05-17 13:00:03,947 - INFO - Step [1016/1768], Train Loss: 1.1619
2024-05-17 13:00:18,456 - INFO - Step [1017/1768], Train Loss: 1.1187
2024-05-17 13:00:28,217 - INFO - Step [1018/1768], Train Loss: 1.1425
2024-05-17 13:00:38,982 - INFO - Step [1019/1768], Train Loss: 1.1070
2024-05-17 13:00:57,126 - INFO - Step [1020/1768], Train Loss: 1.1199
2024-05-17 13:01:09,810 - INFO - Step [1021/1768], Train Loss: 1.1480
2024-05-17 13:01:27,127 - INFO - Step [1022/1768], Train Loss: 1.1006
2024-05-17 13:01:41,870 - INFO - Step [1023/1768], Train Loss: 1.1146
2024-05-17 13:01:45,767 - INFO - Step [1024/1768], Train Loss: 1.1571
2024-05-17 13:02:02,743 - INFO - Step [1025/1768], Train Loss: 1.0806
2024-05-17 13:02:11,329 - INFO - Step [1026/1768], Train Loss: 1.1259
2024-05-17 13:02:17,886 - INFO - Step [1027/1768], Train Loss: 1.1590
2024-05-17 13:02:30,492 - INFO - Step [1028/1768], Train Loss: 1.0715
2024-05-17 13:02:45,888 - INFO - Step [1029/1768], Train Loss: 1.1858
2024-05-17 13:02:58,837 - INFO - Step [1030/1768], Train Loss: 1.1657
2024-05-17 13:03:09,689 - INFO - Step [1031/1768], Train Loss: 1.1199
2024-05-17 13:03:20,292 - INFO - Step [1032/1768], Train Loss: 1.0828
2024-05-17 13:03:29,585 - INFO - Step [1033/1768], Train Loss: 1.1255
2024-05-17 13:03:39,435 - INFO - Step [1034/1768], Train Loss: 1.1244
2024-05-17 13:03:55,769 - INFO - Step [1035/1768], Train Loss: 1.1216
2024-05-17 13:04:06,751 - INFO - Step [1036/1768], Train Loss: 1.0566
2024-05-17 13:04:22,197 - INFO - Step [1037/1768], Train Loss: 1.0747
2024-05-17 13:04:31,375 - INFO - Step [1038/1768], Train Loss: 1.1281
2024-05-17 13:04:47,247 - INFO - Step [1039/1768], Train Loss: 1.1226
2024-05-17 13:05:03,135 - INFO - Step [1040/1768], Train Loss: 1.0769
2024-05-17 13:05:14,936 - INFO - Step [1041/1768], Train Loss: 1.0969
2024-05-17 13:05:25,858 - INFO - Step [1042/1768], Train Loss: 1.1042
2024-05-17 13:05:34,014 - INFO - Step [1043/1768], Train Loss: 1.1184
2024-05-17 13:05:52,157 - INFO - Step [1044/1768], Train Loss: 1.0436
2024-05-17 13:06:02,919 - INFO - Step [1045/1768], Train Loss: 1.0919
2024-05-17 13:06:07,246 - INFO - Step [1046/1768], Train Loss: 1.1373
2024-05-17 13:06:16,928 - INFO - Step [1047/1768], Train Loss: 1.1034
2024-05-17 13:06:28,866 - INFO - Step [1048/1768], Train Loss: 1.1254
2024-05-17 13:06:44,923 - INFO - Step [1049/1768], Train Loss: 1.1224
2024-05-17 13:06:56,086 - INFO - Step [1050/1768], Train Loss: 1.0924
2024-05-17 13:11:49,658 - INFO - Step [1050/1768], Val Loss: 1.1050
2024-05-17 13:12:00,084 - INFO - Model and log history saved at step 1050 (epoch 1) with validation loss 1.1050
2024-05-17 13:12:14,778 - INFO - Step [1051/1768], Train Loss: 1.0725
2024-05-17 13:12:24,303 - INFO - Step [1052/1768], Train Loss: 1.0892
2024-05-17 13:12:34,173 - INFO - Step [1053/1768], Train Loss: 1.1015
2024-05-17 13:12:48,004 - INFO - Step [1054/1768], Train Loss: 1.1516
2024-05-17 13:12:57,870 - INFO - Step [1055/1768], Train Loss: 1.0690
2024-05-17 13:13:15,145 - INFO - Step [1056/1768], Train Loss: 1.0515
2024-05-17 13:13:28,275 - INFO - Step [1057/1768], Train Loss: 1.0952
2024-05-17 13:13:45,196 - INFO - Step [1058/1768], Train Loss: 1.0752
2024-05-17 13:13:56,605 - INFO - Step [1059/1768], Train Loss: 1.1488
2024-05-17 13:14:06,801 - INFO - Step [1060/1768], Train Loss: 1.1362
2024-05-17 13:14:12,926 - INFO - Step [1061/1768], Train Loss: 1.1020
2024-05-17 13:14:29,453 - INFO - Step [1062/1768], Train Loss: 1.0752
2024-05-17 13:14:36,352 - INFO - Step [1063/1768], Train Loss: 1.1234
2024-05-17 13:14:54,815 - INFO - Step [1064/1768], Train Loss: 1.0899
2024-05-17 13:15:02,992 - INFO - Step [1065/1768], Train Loss: 1.0822
2024-05-17 13:15:18,054 - INFO - Step [1066/1768], Train Loss: 1.1000
2024-05-17 13:15:27,013 - INFO - Step [1067/1768], Train Loss: 1.1423
2024-05-17 13:15:31,433 - INFO - Step [1068/1768], Train Loss: 1.0802
2024-05-17 13:15:39,540 - INFO - Step [1069/1768], Train Loss: 1.0658
2024-05-17 13:15:55,863 - INFO - Step [1070/1768], Train Loss: 1.0974
2024-05-17 13:16:04,673 - INFO - Step [1071/1768], Train Loss: 1.0756
2024-05-17 13:16:17,758 - INFO - Step [1072/1768], Train Loss: 1.0438
2024-05-17 13:16:34,074 - INFO - Step [1073/1768], Train Loss: 1.0767
2024-05-17 13:16:49,902 - INFO - Step [1074/1768], Train Loss: 1.0679
2024-05-17 13:17:03,957 - INFO - Step [1075/1768], Train Loss: 1.0392
2024-05-17 13:17:13,094 - INFO - Step [1076/1768], Train Loss: 1.0939
2024-05-17 13:17:22,212 - INFO - Step [1077/1768], Train Loss: 1.0784
2024-05-17 13:17:40,026 - INFO - Step [1078/1768], Train Loss: 1.0492
2024-05-17 13:17:48,518 - INFO - Step [1079/1768], Train Loss: 1.0940
2024-05-17 13:18:02,775 - INFO - Step [1080/1768], Train Loss: 1.0457
2024-05-17 13:18:12,720 - INFO - Step [1081/1768], Train Loss: 1.0899
2024-05-17 13:18:22,908 - INFO - Step [1082/1768], Train Loss: 1.0913
2024-05-17 13:18:40,444 - INFO - Step [1083/1768], Train Loss: 1.0585
2024-05-17 13:18:53,543 - INFO - Step [1084/1768], Train Loss: 1.0781
2024-05-17 13:19:01,930 - INFO - Step [1085/1768], Train Loss: 1.1168
2024-05-17 13:19:17,002 - INFO - Step [1086/1768], Train Loss: 1.0770
2024-05-17 13:19:31,045 - INFO - Step [1087/1768], Train Loss: 1.0481
2024-05-17 13:19:45,973 - INFO - Step [1088/1768], Train Loss: 1.1406
2024-05-17 13:19:59,339 - INFO - Step [1089/1768], Train Loss: 1.1072
2024-05-17 13:20:17,277 - INFO - Step [1090/1768], Train Loss: 1.0090
2024-05-17 13:20:31,298 - INFO - Step [1091/1768], Train Loss: 1.0433
2024-05-17 13:20:38,337 - INFO - Step [1092/1768], Train Loss: 1.1279
2024-05-17 13:20:46,813 - INFO - Step [1093/1768], Train Loss: 1.0266
2024-05-17 13:20:53,745 - INFO - Step [1094/1768], Train Loss: 1.0861
2024-05-17 13:21:09,647 - INFO - Step [1095/1768], Train Loss: 1.1224
2024-05-17 13:21:22,844 - INFO - Step [1096/1768], Train Loss: 1.0611
2024-05-17 13:21:30,330 - INFO - Step [1097/1768], Train Loss: 1.1036
2024-05-17 13:21:44,558 - INFO - Step [1098/1768], Train Loss: 1.1554
2024-05-17 13:21:49,868 - INFO - Step [1099/1768], Train Loss: 1.0848
2024-05-17 13:21:57,873 - INFO - Step [1100/1768], Train Loss: 1.0726
2024-05-17 13:26:51,122 - INFO - Step [1100/1768], Val Loss: 1.0874
2024-05-17 13:27:01,500 - INFO - Model and log history saved at step 1100 (epoch 1) with validation loss 1.0874
2024-05-17 13:27:10,209 - INFO - Step [1101/1768], Train Loss: 1.0828
2024-05-17 13:27:17,376 - INFO - Step [1102/1768], Train Loss: 1.1289
2024-05-17 13:27:34,741 - INFO - Step [1103/1768], Train Loss: 1.0541
2024-05-17 13:27:41,715 - INFO - Step [1104/1768], Train Loss: 1.1500
2024-05-17 13:28:00,018 - INFO - Step [1105/1768], Train Loss: 1.0945
2024-05-17 13:28:06,104 - INFO - Step [1106/1768], Train Loss: 1.0787
2024-05-17 13:28:19,813 - INFO - Step [1107/1768], Train Loss: 1.0678
2024-05-17 13:28:37,442 - INFO - Step [1108/1768], Train Loss: 1.0979
2024-05-17 13:28:54,300 - INFO - Step [1109/1768], Train Loss: 1.1373
2024-05-17 13:28:59,201 - INFO - Step [1110/1768], Train Loss: 1.0881
2024-05-17 13:29:08,289 - INFO - Step [1111/1768], Train Loss: 1.0759
2024-05-17 13:29:26,680 - INFO - Step [1112/1768], Train Loss: 1.0980
2024-05-17 13:29:40,619 - INFO - Step [1113/1768], Train Loss: 1.1124
2024-05-17 13:29:44,992 - INFO - Step [1114/1768], Train Loss: 1.1165
2024-05-17 13:29:59,157 - INFO - Step [1115/1768], Train Loss: 1.0752
2024-05-17 13:30:15,946 - INFO - Step [1116/1768], Train Loss: 1.0862
2024-05-17 13:30:20,867 - INFO - Step [1117/1768], Train Loss: 1.1180
2024-05-17 13:30:36,512 - INFO - Step [1118/1768], Train Loss: 1.1038
2024-05-17 13:30:53,635 - INFO - Step [1119/1768], Train Loss: 1.0406
2024-05-17 13:31:04,383 - INFO - Step [1120/1768], Train Loss: 1.0878
2024-05-17 13:31:13,911 - INFO - Step [1121/1768], Train Loss: 1.0582
2024-05-17 13:31:24,272 - INFO - Step [1122/1768], Train Loss: 1.0731
2024-05-17 13:31:39,340 - INFO - Step [1123/1768], Train Loss: 1.0957
2024-05-17 13:31:56,201 - INFO - Step [1124/1768], Train Loss: 1.0318
2024-05-17 13:32:03,415 - INFO - Step [1125/1768], Train Loss: 1.1053
2024-05-17 13:32:16,007 - INFO - Step [1126/1768], Train Loss: 1.1560
2024-05-17 13:32:21,641 - INFO - Step [1127/1768], Train Loss: 1.0840
2024-05-17 13:32:35,521 - INFO - Step [1128/1768], Train Loss: 1.0876
2024-05-17 13:32:39,367 - INFO - Step [1129/1768], Train Loss: 1.0508
2024-05-17 13:32:54,624 - INFO - Step [1130/1768], Train Loss: 1.0749
2024-05-17 13:33:03,793 - INFO - Step [1131/1768], Train Loss: 1.0465
2024-05-17 13:33:14,084 - INFO - Step [1132/1768], Train Loss: 1.0363
2024-05-17 13:33:23,362 - INFO - Step [1133/1768], Train Loss: 1.1163
2024-05-17 13:33:37,722 - INFO - Step [1134/1768], Train Loss: 1.0203
2024-05-17 13:33:47,171 - INFO - Step [1135/1768], Train Loss: 1.0729
2024-05-17 13:34:02,080 - INFO - Step [1136/1768], Train Loss: 1.0670
2024-05-17 13:34:08,380 - INFO - Step [1137/1768], Train Loss: 1.1074
2024-05-17 13:34:19,183 - INFO - Step [1138/1768], Train Loss: 1.1187
2024-05-17 13:34:33,426 - INFO - Step [1139/1768], Train Loss: 1.1210
2024-05-17 13:34:41,367 - INFO - Step [1140/1768], Train Loss: 1.0687
2024-05-17 13:34:53,237 - INFO - Step [1141/1768], Train Loss: 1.1190
2024-05-17 13:35:01,206 - INFO - Step [1142/1768], Train Loss: 1.1057
2024-05-17 13:35:16,157 - INFO - Step [1143/1768], Train Loss: 1.1100
2024-05-17 13:35:22,696 - INFO - Step [1144/1768], Train Loss: 1.1039
2024-05-17 13:35:30,624 - INFO - Step [1145/1768], Train Loss: 1.1049
2024-05-17 13:35:37,643 - INFO - Step [1146/1768], Train Loss: 1.0699
2024-05-17 13:35:50,486 - INFO - Step [1147/1768], Train Loss: 1.0758
2024-05-17 13:36:02,653 - INFO - Step [1148/1768], Train Loss: 1.0955
2024-05-17 13:36:20,245 - INFO - Step [1149/1768], Train Loss: 1.0449
2024-05-17 13:36:36,446 - INFO - Step [1150/1768], Train Loss: 1.0932
2024-05-17 13:41:29,926 - INFO - Step [1150/1768], Val Loss: 1.0721
2024-05-17 13:41:40,328 - INFO - Model and log history saved at step 1150 (epoch 1) with validation loss 1.0721
2024-05-17 13:41:55,308 - INFO - Step [1151/1768], Train Loss: 1.0659
2024-05-17 13:42:04,181 - INFO - Step [1152/1768], Train Loss: 1.0545
2024-05-17 13:42:16,790 - INFO - Step [1153/1768], Train Loss: 1.0440
2024-05-17 13:42:23,257 - INFO - Step [1154/1768], Train Loss: 1.0622
2024-05-17 13:42:37,478 - INFO - Step [1155/1768], Train Loss: 1.0761
2024-05-17 13:42:48,101 - INFO - Step [1156/1768], Train Loss: 1.1137
2024-05-17 13:42:58,988 - INFO - Step [1157/1768], Train Loss: 1.0250
2024-05-17 13:43:10,533 - INFO - Step [1158/1768], Train Loss: 1.0757
2024-05-17 13:43:24,856 - INFO - Step [1159/1768], Train Loss: 1.0520
2024-05-17 13:43:38,827 - INFO - Step [1160/1768], Train Loss: 1.0680
2024-05-17 13:43:52,495 - INFO - Step [1161/1768], Train Loss: 1.0839
2024-05-17 13:43:57,175 - INFO - Step [1162/1768], Train Loss: 1.0649
2024-05-17 13:44:09,229 - INFO - Step [1163/1768], Train Loss: 1.1187
2024-05-17 13:44:18,777 - INFO - Step [1164/1768], Train Loss: 1.0277
2024-05-17 13:44:23,448 - INFO - Step [1165/1768], Train Loss: 1.0406
2024-05-17 13:44:35,723 - INFO - Step [1166/1768], Train Loss: 1.0504
2024-05-17 13:44:44,326 - INFO - Step [1167/1768], Train Loss: 1.0242
2024-05-17 13:44:52,766 - INFO - Step [1168/1768], Train Loss: 1.1218
2024-05-17 13:45:04,263 - INFO - Step [1169/1768], Train Loss: 1.0444
2024-05-17 13:45:21,733 - INFO - Step [1170/1768], Train Loss: 1.0672
2024-05-17 13:45:34,623 - INFO - Step [1171/1768], Train Loss: 1.0757
2024-05-17 13:45:52,285 - INFO - Step [1172/1768], Train Loss: 1.0135
2024-05-17 13:46:06,544 - INFO - Step [1173/1768], Train Loss: 1.0646
2024-05-17 13:46:21,486 - INFO - Step [1174/1768], Train Loss: 1.1048
2024-05-17 13:46:30,362 - INFO - Step [1175/1768], Train Loss: 1.0351
2024-05-17 13:46:37,959 - INFO - Step [1176/1768], Train Loss: 1.0579
2024-05-17 13:46:46,070 - INFO - Step [1177/1768], Train Loss: 1.0746
2024-05-17 13:46:59,180 - INFO - Step [1178/1768], Train Loss: 1.0884
2024-05-17 13:47:15,955 - INFO - Step [1179/1768], Train Loss: 1.0608
2024-05-17 13:47:30,188 - INFO - Step [1180/1768], Train Loss: 1.0533
2024-05-17 13:47:33,973 - INFO - Step [1181/1768], Train Loss: 1.0135
2024-05-17 13:47:46,264 - INFO - Step [1182/1768], Train Loss: 1.0461
2024-05-17 13:47:59,309 - INFO - Step [1183/1768], Train Loss: 1.0594
2024-05-17 13:48:16,763 - INFO - Step [1184/1768], Train Loss: 1.0908
2024-05-17 13:48:25,204 - INFO - Step [1185/1768], Train Loss: 1.0763
2024-05-17 13:48:35,096 - INFO - Step [1186/1768], Train Loss: 1.0336
2024-05-17 13:48:39,971 - INFO - Step [1187/1768], Train Loss: 1.0609
2024-05-17 13:48:47,864 - INFO - Step [1188/1768], Train Loss: 1.1204
2024-05-17 13:49:02,068 - INFO - Step [1189/1768], Train Loss: 1.0802
2024-05-17 13:49:09,624 - INFO - Step [1190/1768], Train Loss: 1.0806
2024-05-17 13:49:23,832 - INFO - Step [1191/1768], Train Loss: 1.0514
2024-05-17 13:49:37,662 - INFO - Step [1192/1768], Train Loss: 1.0806
2024-05-17 13:49:55,048 - INFO - Step [1193/1768], Train Loss: 1.0375
2024-05-17 13:50:12,216 - INFO - Step [1194/1768], Train Loss: 1.0470
2024-05-17 13:50:16,083 - INFO - Step [1195/1768], Train Loss: 1.0840
2024-05-17 13:50:34,259 - INFO - Step [1196/1768], Train Loss: 1.0762
2024-05-17 13:50:46,788 - INFO - Step [1197/1768], Train Loss: 1.0734
2024-05-17 13:50:59,479 - INFO - Step [1198/1768], Train Loss: 1.0589
2024-05-17 13:51:07,307 - INFO - Step [1199/1768], Train Loss: 1.0522
2024-05-17 13:51:24,142 - INFO - Step [1200/1768], Train Loss: 1.0370
2024-05-17 13:56:17,882 - INFO - Step [1200/1768], Val Loss: 1.0575
2024-05-17 13:56:28,269 - INFO - Model and log history saved at step 1200 (epoch 1) with validation loss 1.0575
2024-05-17 13:56:43,052 - INFO - Step [1201/1768], Train Loss: 1.0976
2024-05-17 13:56:52,332 - INFO - Step [1202/1768], Train Loss: 1.0561
2024-05-17 13:56:59,481 - INFO - Step [1203/1768], Train Loss: 1.0198
2024-05-17 13:57:08,728 - INFO - Step [1204/1768], Train Loss: 1.0381
2024-05-17 13:57:23,065 - INFO - Step [1205/1768], Train Loss: 1.0572
2024-05-17 13:57:30,544 - INFO - Step [1206/1768], Train Loss: 1.0737
2024-05-17 13:57:38,730 - INFO - Step [1207/1768], Train Loss: 1.0607
2024-05-17 13:57:44,700 - INFO - Step [1208/1768], Train Loss: 0.9864
2024-05-17 13:57:58,159 - INFO - Step [1209/1768], Train Loss: 1.0433
2024-05-17 13:58:07,779 - INFO - Step [1210/1768], Train Loss: 1.0190
2024-05-17 13:58:24,075 - INFO - Step [1211/1768], Train Loss: 1.0694
2024-05-17 13:58:34,188 - INFO - Step [1212/1768], Train Loss: 1.0627
2024-05-17 13:58:45,995 - INFO - Step [1213/1768], Train Loss: 1.0205
2024-05-17 13:58:50,083 - INFO - Step [1214/1768], Train Loss: 0.9928
2024-05-17 13:59:04,126 - INFO - Step [1215/1768], Train Loss: 1.1007
2024-05-17 13:59:13,667 - INFO - Step [1216/1768], Train Loss: 1.0231
2024-05-17 13:59:17,641 - INFO - Step [1217/1768], Train Loss: 1.0714
2024-05-17 13:59:26,483 - INFO - Step [1218/1768], Train Loss: 1.0658
2024-05-17 13:59:41,415 - INFO - Step [1219/1768], Train Loss: 1.0505
2024-05-17 13:59:55,142 - INFO - Step [1220/1768], Train Loss: 1.0582
2024-05-17 14:00:04,939 - INFO - Step [1221/1768], Train Loss: 1.0447
2024-05-17 14:00:12,285 - INFO - Step [1222/1768], Train Loss: 1.0741
2024-05-17 14:00:26,203 - INFO - Step [1223/1768], Train Loss: 0.9909
2024-05-17 14:00:44,586 - INFO - Step [1224/1768], Train Loss: 1.0124
2024-05-17 14:00:58,034 - INFO - Step [1225/1768], Train Loss: 1.0504
2024-05-17 14:01:01,936 - INFO - Step [1226/1768], Train Loss: 1.0440
2024-05-17 14:01:13,869 - INFO - Step [1227/1768], Train Loss: 1.0652
2024-05-17 14:01:28,869 - INFO - Step [1228/1768], Train Loss: 1.0542
2024-05-17 14:01:43,753 - INFO - Step [1229/1768], Train Loss: 1.0396
2024-05-17 14:01:55,657 - INFO - Step [1230/1768], Train Loss: 1.0514
2024-05-17 14:02:08,808 - INFO - Step [1231/1768], Train Loss: 0.9993
2024-05-17 14:02:16,517 - INFO - Step [1232/1768], Train Loss: 1.0314
2024-05-17 14:02:21,757 - INFO - Step [1233/1768], Train Loss: 1.0854
2024-05-17 14:07:15,363 - INFO - Epoch [2/2], Train Loss: 1.3079, Val Loss: 1.0494
